[2019-09-13 00:43:47] /api/mobile/api/payment/wxpay_jsapi/notify_url.php ( w=payment&t=notify ) 
ERR: =======
[2019-09-13 00:43:47] /api/mobile/api/payment/wxpay_jsapi/notify_url.php ( w=payment&t=notify ) 
ERR: ===out_trade_no==210621565764826013_r
[2019-09-13 00:43:47] /api/mobile/api/payment/wxpay_jsapi/notify_url.php ( w=payment&t=notify ) 
ERR: ===getRealOrderInfo=={"pay_sn":"210621565764826013"}
[2019-09-13 00:43:47] /api/mobile/api/payment/wxpay_jsapi/notify_url.php ( w=payment&t=notify ) 
ERR: ===r5555=={"state":true,"msg":"","data":{"subject":"\u5b9e\u7269\u8ba2\u5355_","order_type":"real_order","order_list":[{"order_id":"152","order_sn":"210621565764826013","pay_sn":"210621565764826013","store_id":"9","store_name":"\u5c0f\u6613\u5171\u4eab\u5e73\u53f0","buyer_id":"100013","buyer_name":"100013","add_time":"1568221764","payment_code":"wx_jsapi","payment_time":"1568221776","finnshed_time":"0","order_amount":"0.10","rcb_amount":"0.00","pd_amount":"0.00","points_money":"0.00","points_number":"0","evaluation_state":"0","evaluation_again_state":"0","order_state":"20","lock_state":"0","delete_state":"0","delay_time":"0","order_from":"1","order_type":"1","api_pay_time":"0","rpt_amount":"0.00","trade_no":"4200000412201909121767658784","voucher_price":"0.00","voucher_code":"","promotion_info":"","commis_rate":"10","member_invite_momey":"0.001","store_invite_momey":"0.001","cost_momey":"0.005","cost_points":"0","invite_info":"{\"commis_rate\":10,\"commis_rate_invstore\":10,\"commis_rate_invmember\":10,\"commis_rate_system\":30,\"commis_rate_points\":50,\"commis_rate_sys\":0.02}","sys_commis_momey":"0.005","seller_del":"0","seller_money":"0.090","agent_id":"1","goods_amount":"0.10","agent_commis_momey":"0.003"}],"if_buyer_repay":null}}
[2019-09-13 00:43:47] /api/mobile/api/payment/wxpay_jsapi/notify_url.php ( w=payment&t=notify ) 
ERR: ===rec_pay==[{"order_id":"152","order_sn":"210621565764826013","pay_sn":"210621565764826013","store_id":"9","store_name":"\u5c0f\u6613\u5171\u4eab\u5e73\u53f0","buyer_id":"100013","buyer_name":"100013","add_time":"1568221764","payment_code":"wx_jsapi","payment_time":"1568221776","finnshed_time":"0","order_amount":"0.10","rcb_amount":"0.00","pd_amount":"0.00","points_money":"0.00","points_number":"0","evaluation_state":"0","evaluation_again_state":"0","order_state":"20","lock_state":"0","delete_state":"0","delay_time":"0","order_from":"1","order_type":"1","api_pay_time":"0","rpt_amount":"0.00","trade_no":"4200000412201909121767658784","voucher_price":"0.00","voucher_code":"","promotion_info":"","commis_rate":"10","member_invite_momey":"0.001","store_invite_momey":"0.001","cost_momey":"0.005","cost_points":"0","invite_info":"{\"commis_rate\":10,\"commis_rate_invstore\":10,\"commis_rate_invmember\":10,\"commis_rate_system\":30,\"commis_rate_points\":50,\"commis_rate_sys\":0.02}","sys_commis_momey":"0.005","seller_del":"0","seller_money":"0.090","agent_id":"1","goods_amount":"0.10","agent_commis_momey":"0.003"}]
[2019-09-13 00:47:14] /api/mobile/api/payment/wxpay_jsapi/notify_url.php ( w=payment&t=notify ) 
ERR: =======
[2019-09-13 00:47:14] /api/mobile/api/payment/wxpay_jsapi/notify_url.php ( w=payment&t=notify ) 
ERR: ===out_trade_no==340621565973749013_r
[2019-09-13 00:47:14] /api/mobile/api/payment/wxpay_jsapi/notify_url.php ( w=payment&t=notify ) 
ERR: ===getRealOrderInfo=={"pay_sn":"340621565973749013"}
[2019-09-13 00:47:14] /api/mobile/api/payment/wxpay_jsapi/notify_url.php ( w=payment&t=notify ) 
ERR: ===r5555=={"state":true,"msg":"","data":{"subject":"\u5b9e\u7269\u8ba2\u5355_","order_type":"real_order","order_list":[{"order_id":"153","order_sn":"340621565973749013","pay_sn":"340621565973749013","store_id":"9","store_name":"\u5c0f\u6613\u5171\u4eab\u5e73\u53f0","buyer_id":"100013","buyer_name":"100013","add_time":"1568221973","payment_code":"wx_jsapi","payment_time":"1568221986","finnshed_time":"0","order_amount":"0.10","rcb_amount":"0.00","pd_amount":"0.00","points_money":"0.00","points_number":"0","evaluation_state":"0","evaluation_again_state":"0","order_state":"20","lock_state":"0","delete_state":"0","delay_time":"0","order_from":"1","order_type":"1","api_pay_time":"0","rpt_amount":"0.00","trade_no":"4200000413201909120433489776","voucher_price":"0.00","voucher_code":"","promotion_info":"","commis_rate":"10","member_invite_momey":"0.001","store_invite_momey":"0.001","cost_momey":"0.005","cost_points":"0","invite_info":"{\"commis_rate\":10,\"commis_rate_invstore\":10,\"commis_rate_invmember\":10,\"commis_rate_system\":30,\"commis_rate_points\":50,\"commis_rate_sys\":0.02}","sys_commis_momey":"0.005","seller_del":"0","seller_money":"0.090","agent_id":"1","goods_amount":"0.10","agent_commis_momey":"0.003"}],"if_buyer_repay":null}}
[2019-09-13 00:47:14] /api/mobile/api/payment/wxpay_jsapi/notify_url.php ( w=payment&t=notify ) 
ERR: ===rec_pay==[{"order_id":"153","order_sn":"340621565973749013","pay_sn":"340621565973749013","store_id":"9","store_name":"\u5c0f\u6613\u5171\u4eab\u5e73\u53f0","buyer_id":"100013","buyer_name":"100013","add_time":"1568221973","payment_code":"wx_jsapi","payment_time":"1568221986","finnshed_time":"0","order_amount":"0.10","rcb_amount":"0.00","pd_amount":"0.00","points_money":"0.00","points_number":"0","evaluation_state":"0","evaluation_again_state":"0","order_state":"20","lock_state":"0","delete_state":"0","delay_time":"0","order_from":"1","order_type":"1","api_pay_time":"0","rpt_amount":"0.00","trade_no":"4200000413201909120433489776","voucher_price":"0.00","voucher_code":"","promotion_info":"","commis_rate":"10","member_invite_momey":"0.001","store_invite_momey":"0.001","cost_momey":"0.005","cost_points":"0","invite_info":"{\"commis_rate\":10,\"commis_rate_invstore\":10,\"commis_rate_invmember\":10,\"commis_rate_system\":30,\"commis_rate_points\":50,\"commis_rate_sys\":0.02}","sys_commis_momey":"0.005","seller_del":"0","seller_money":"0.090","agent_id":"1","goods_amount":"0.10","agent_commis_momey":"0.003"}]
[2019-09-13 01:56:54] /api/mobile/api/payment/wxpay_jsapi/notify_url.php ( w=payment&t=notify ) 
ERR: =======
[2019-09-13 01:56:54] /api/mobile/api/payment/wxpay_jsapi/notify_url.php ( w=payment&t=notify ) 
ERR: ===out_trade_no==370621591743515013_r
[2019-09-13 01:56:54] /api/mobile/api/payment/wxpay_jsapi/notify_url.php ( w=payment&t=notify ) 
ERR: ===getRealOrderInfo=={"pay_sn":"370621591743515013"}
[2019-09-13 01:56:54] /api/mobile/api/payment/wxpay_jsapi/notify_url.php ( w=payment&t=notify ) 
ERR: ===r5555=={"state":true,"msg":"","data":{"subject":"\u5b9e\u7269\u8ba2\u5355_","order_type":"real_order","order_list":[{"order_id":"158","order_sn":"370621591743515013","pay_sn":"370621591743515013","store_id":"9","store_name":"\u5c0f\u6613\u5171\u4eab\u5e73\u53f0","buyer_id":"100013","buyer_name":"100013","add_time":"1568247743","payment_code":"wx_jsapi","payment_time":"1568247759","finnshed_time":"0","order_amount":"1.00","rcb_amount":"0.00","pd_amount":"0.00","points_money":"0.00","points_number":"0","evaluation_state":"0","evaluation_again_state":"0","order_state":"20","lock_state":"0","delete_state":"0","delay_time":"0","order_from":"1","order_type":"1","api_pay_time":"0","rpt_amount":"0.00","trade_no":"4200000402201909125157464983","voucher_price":"0.00","voucher_code":"","promotion_info":"","commis_rate":"10","member_invite_momey":"0.010","store_invite_momey":"0.010","cost_momey":"0.050","cost_points":"0","invite_info":"{\"commis_rate\":10,\"commis_rate_invstore\":10,\"commis_rate_invmember\":10,\"commis_rate_system\":30,\"commis_rate_points\":50,\"commis_rate_sys\":0.02}","sys_commis_momey":"0.050","seller_del":"0","seller_money":"0.900","agent_id":"1","goods_amount":"1.00","agent_commis_momey":"0.030"}],"if_buyer_repay":null}}
[2019-09-13 01:56:54] /api/mobile/api/payment/wxpay_jsapi/notify_url.php ( w=payment&t=notify ) 
ERR: ===rec_pay==[{"order_id":"158","order_sn":"370621591743515013","pay_sn":"370621591743515013","store_id":"9","store_name":"\u5c0f\u6613\u5171\u4eab\u5e73\u53f0","buyer_id":"100013","buyer_name":"100013","add_time":"1568247743","payment_code":"wx_jsapi","payment_time":"1568247759","finnshed_time":"0","order_amount":"1.00","rcb_amount":"0.00","pd_amount":"0.00","points_money":"0.00","points_number":"0","evaluation_state":"0","evaluation_again_state":"0","order_state":"20","lock_state":"0","delete_state":"0","delay_time":"0","order_from":"1","order_type":"1","api_pay_time":"0","rpt_amount":"0.00","trade_no":"4200000402201909125157464983","voucher_price":"0.00","voucher_code":"","promotion_info":"","commis_rate":"10","member_invite_momey":"0.010","store_invite_momey":"0.010","cost_momey":"0.050","cost_points":"0","invite_info":"{\"commis_rate\":10,\"commis_rate_invstore\":10,\"commis_rate_invmember\":10,\"commis_rate_system\":30,\"commis_rate_points\":50,\"commis_rate_sys\":0.02}","sys_commis_momey":"0.050","seller_del":"0","seller_money":"0.900","agent_id":"1","goods_amount":"1.00","agent_commis_momey":"0.030"}]
[2019-09-13 07:56:55] /api/mobile/api/payment/wxpay_jsapi/notify_url.php ( w=payment&t=notify ) 
ERR: =======
[2019-09-13 07:56:55] /api/mobile/api/payment/wxpay_jsapi/notify_url.php ( w=payment&t=notify ) 
ERR: ===out_trade_no==370621591743515013_r
[2019-09-13 07:56:55] /api/mobile/api/payment/wxpay_jsapi/notify_url.php ( w=payment&t=notify ) 
ERR: ===getRealOrderInfo=={"pay_sn":"370621591743515013"}
[2019-09-13 07:56:55] /api/mobile/api/payment/wxpay_jsapi/notify_url.php ( w=payment&t=notify ) 
ERR: ===r5555=={"state":true,"msg":"","data":{"subject":"\u5b9e\u7269\u8ba2\u5355_","order_type":"real_order","order_list":[{"order_id":"158","order_sn":"370621591743515013","pay_sn":"370621591743515013","store_id":"9","store_name":"\u5c0f\u6613\u5171\u4eab\u5e73\u53f0","buyer_id":"100013","buyer_name":"100013","add_time":"1568247743","payment_code":"wx_jsapi","payment_time":"1568247759","finnshed_time":"0","order_amount":"1.00","rcb_amount":"0.00","pd_amount":"0.00","points_money":"0.00","points_number":"0","evaluation_state":"0","evaluation_again_state":"0","order_state":"20","lock_state":"0","delete_state":"0","delay_time":"0","order_from":"1","order_type":"1","api_pay_time":"0","rpt_amount":"0.00","trade_no":"4200000402201909125157464983","voucher_price":"0.00","voucher_code":"","promotion_info":"","commis_rate":"10","member_invite_momey":"0.010","store_invite_momey":"0.010","cost_momey":"0.050","cost_points":"0","invite_info":"{\"commis_rate\":10,\"commis_rate_invstore\":10,\"commis_rate_invmember\":10,\"commis_rate_system\":30,\"commis_rate_points\":50,\"commis_rate_sys\":0.02}","sys_commis_momey":"0.050","seller_del":"0","seller_money":"0.900","agent_id":"1","goods_amount":"1.00","agent_commis_momey":"0.030"}],"if_buyer_repay":null}}
[2019-09-13 07:56:55] /api/mobile/api/payment/wxpay_jsapi/notify_url.php ( w=payment&t=notify ) 
ERR: ===rec_pay==[{"order_id":"158","order_sn":"370621591743515013","pay_sn":"370621591743515013","store_id":"9","store_name":"\u5c0f\u6613\u5171\u4eab\u5e73\u53f0","buyer_id":"100013","buyer_name":"100013","add_time":"1568247743","payment_code":"wx_jsapi","payment_time":"1568247759","finnshed_time":"0","order_amount":"1.00","rcb_amount":"0.00","pd_amount":"0.00","points_money":"0.00","points_number":"0","evaluation_state":"0","evaluation_again_state":"0","order_state":"20","lock_state":"0","delete_state":"0","delay_time":"0","order_from":"1","order_type":"1","api_pay_time":"0","rpt_amount":"0.00","trade_no":"4200000402201909125157464983","voucher_price":"0.00","voucher_code":"","promotion_info":"","commis_rate":"10","member_invite_momey":"0.010","store_invite_momey":"0.010","cost_momey":"0.050","cost_points":"0","invite_info":"{\"commis_rate\":10,\"commis_rate_invstore\":10,\"commis_rate_invmember\":10,\"commis_rate_system\":30,\"commis_rate_points\":50,\"commis_rate_sys\":0.02}","sys_commis_momey":"0.050","seller_del":"0","seller_money":"0.900","agent_id":"1","goods_amount":"1.00","agent_commis_momey":"0.030"}]
