[2019-09-06 05:01:42] /api/mobile/api/payment/alipay/notify_url.php ( w=payment&t=notify ) 
ERR: =======
[2019-09-06 05:01:43] /api/mobile/api/payment/alipay/notify_url.php ( w=payment&t=notify ) 
ERR: ===out_trade_no==200621027207496013_r
[2019-09-06 05:01:43] /api/mobile/api/payment/alipay/notify_url.php ( w=payment&t=notify ) 
ERR: ===getRealOrderInfo=={"pay_sn":"200621027207496013"}
[2019-09-06 05:01:43] /api/mobile/api/payment/alipay/notify_url.php ( w=payment&t=notify ) 
ERR: ===r5555=={"state":true,"msg":"","data":{"subject":"\u5b9e\u7269\u8ba2\u5355_","order_type":"real_order","order_list":[{"order_id":"115","order_sn":"200621027207496013","pay_sn":"200621027207496013","store_id":"9","store_name":"\u5c0f\u6613\u5171\u4eab\u5e73\u53f0","buyer_id":"100013","buyer_name":"100013","add_time":"1567683207","payment_code":"alipay","payment_time":"1567683214","finnshed_time":"0","order_amount":"1.00","rcb_amount":"0.00","pd_amount":"0.00","points_money":"0.00","points_number":"0","evaluation_state":"0","evaluation_again_state":"0","order_state":"20","lock_state":"0","delete_state":"0","delay_time":"0","order_from":"1","order_type":"1","api_pay_time":"0","rpt_amount":"0.00","trade_no":"2019090522001495640511688619","voucher_price":"0.00","voucher_code":"","promotion_info":"","commis_rate":"10","member_invite_momey":"0.010","store_invite_momey":"0.010","cost_momey":"0.050","cost_points":"0","invite_info":"{\"commis_rate\":10,\"commis_rate_invstore\":10,\"commis_rate_invmember\":10,\"commis_rate_system\":30,\"commis_rate_points\":50,\"commis_rate_sys\":0.02}","sys_commis_momey":"0.050","seller_del":"0","seller_money":"0.900","agent_id":"1","goods_amount":"1.00","agent_commis_momey":"0.030"}],"if_buyer_repay":null}}
[2019-09-06 05:01:43] /api/mobile/api/payment/alipay/notify_url.php ( w=payment&t=notify ) 
ERR: ===rec_pay==[{"order_id":"115","order_sn":"200621027207496013","pay_sn":"200621027207496013","store_id":"9","store_name":"\u5c0f\u6613\u5171\u4eab\u5e73\u53f0","buyer_id":"100013","buyer_name":"100013","add_time":"1567683207","payment_code":"alipay","payment_time":"1567683214","finnshed_time":"0","order_amount":"1.00","rcb_amount":"0.00","pd_amount":"0.00","points_money":"0.00","points_number":"0","evaluation_state":"0","evaluation_again_state":"0","order_state":"20","lock_state":"0","delete_state":"0","delay_time":"0","order_from":"1","order_type":"1","api_pay_time":"0","rpt_amount":"0.00","trade_no":"2019090522001495640511688619","voucher_price":"0.00","voucher_code":"","promotion_info":"","commis_rate":"10","member_invite_momey":"0.010","store_invite_momey":"0.010","cost_momey":"0.050","cost_points":"0","invite_info":"{\"commis_rate\":10,\"commis_rate_invstore\":10,\"commis_rate_invmember\":10,\"commis_rate_system\":30,\"commis_rate_points\":50,\"commis_rate_sys\":0.02}","sys_commis_momey":"0.050","seller_del":"0","seller_money":"0.900","agent_id":"1","goods_amount":"1.00","agent_commis_momey":"0.030"}]
[2019-09-06 10:29:13] /api/mobile/index.php/connect/wxlogin ( w=connect&t=wxlogin ) 
ERR: -url--https://api.weixin.qq.com/sns/jscode2session?appid=wx913c5f6d1a789dc1&secret=a7ea7fe537edbdf19c9d491ff196fd6e&js_code=0338lwiu1JH2Td0pKYiu1Bjriu18lwiq&grant_type=authorization_code
[2019-09-06 10:29:14] /api/mobile/index.php/connect/wxlogin ( w=connect&t=wxlogin ) 
ERR: ---{"session_key":"9S97zY9kZJeudi0DYKc7iA==","openid":"odKIv5b6HKuksGmdZt5ZeYsx-c_c"}
[2019-09-06 10:29:28] /api/mobile/index.php/connect/wxlogin ( w=connect&t=wxlogin ) 
ERR: -url--https://api.weixin.qq.com/sns/jscode2session?appid=wx913c5f6d1a789dc1&secret=a7ea7fe537edbdf19c9d491ff196fd6e&js_code=0431nwrS1eyE761juHqS1dyyrS11nwrs&grant_type=authorization_code
[2019-09-06 10:29:29] /api/mobile/index.php/connect/wxlogin ( w=connect&t=wxlogin ) 
ERR: ---{"session_key":"9S97zY9kZJeudi0DYKc7iA==","openid":"odKIv5b6HKuksGmdZt5ZeYsx-c_c"}
[2019-09-06 11:19:56] /api/mobile/index.php/connect/wxlogin ( w=connect&t=wxlogin ) 
ERR: -url--https://api.weixin.qq.com/sns/jscode2session?appid=wx913c5f6d1a789dc1&secret=a7ea7fe537edbdf19c9d491ff196fd6e&js_code=023fcFwc2KwqmG0lXFwc2QrMwc2fcFwF&grant_type=authorization_code
[2019-09-06 11:19:57] /api/mobile/index.php/connect/wxlogin ( w=connect&t=wxlogin ) 
ERR: ---{"session_key":"b7zxZGLn9tTxNP\/UTc4v9g==","openid":"odKIv5b6HKuksGmdZt5ZeYsx-c_c"}
[2019-09-06 11:23:12] /api/mobile/index.php/connect/wxlogin ( w=connect&t=wxlogin ) 
ERR: -url--https://api.weixin.qq.com/sns/jscode2session?appid=wx913c5f6d1a789dc1&secret=a7ea7fe537edbdf19c9d491ff196fd6e&js_code=0435vEwr0c9dHg1tYWur0AXOwr05vEwJ&grant_type=authorization_code
[2019-09-06 11:23:13] /api/mobile/index.php/connect/wxlogin ( w=connect&t=wxlogin ) 
ERR: ---{"session_key":"MM8ieHlkdFAy1iz7Lg+PGQ==","openid":"odKIv5b6HKuksGmdZt5ZeYsx-c_c"}
[2019-09-06 11:23:14] /api/mobile/index.php/connect/wxlogin ( w=connect&t=wxlogin ) 
ERR: -url--https://api.weixin.qq.com/sns/jscode2session?appid=wx913c5f6d1a789dc1&secret=a7ea7fe537edbdf19c9d491ff196fd6e&js_code=033wSkRI0Gc9Bf24QZTI0RsFRI0wSkRs&grant_type=authorization_code
[2019-09-06 11:23:15] /api/mobile/index.php/connect/wxlogin ( w=connect&t=wxlogin ) 
ERR: ---{"session_key":"MM8ieHlkdFAy1iz7Lg+PGQ==","openid":"odKIv5b6HKuksGmdZt5ZeYsx-c_c"}
[2019-09-06 20:02:38] /api/mobile/api/payment/alipay/notify_url.php ( w=payment&t=notify ) 
ERR: =======
[2019-09-06 20:02:38] /api/mobile/api/payment/alipay/notify_url.php ( w=payment&t=notify ) 
ERR: ===out_trade_no==200621027207496013_r
[2019-09-06 20:02:38] /api/mobile/api/payment/alipay/notify_url.php ( w=payment&t=notify ) 
ERR: ===getRealOrderInfo=={"pay_sn":"200621027207496013"}
[2019-09-06 20:02:38] /api/mobile/api/payment/alipay/notify_url.php ( w=payment&t=notify ) 
ERR: ===r5555=={"state":true,"msg":"","data":{"subject":"\u5b9e\u7269\u8ba2\u5355_","order_type":"real_order","order_list":[{"order_id":"115","order_sn":"200621027207496013","pay_sn":"200621027207496013","store_id":"9","store_name":"\u5c0f\u6613\u5171\u4eab\u5e73\u53f0","buyer_id":"100013","buyer_name":"100013","add_time":"1567683207","payment_code":"alipay","payment_time":"1567683214","finnshed_time":"0","order_amount":"1.00","rcb_amount":"0.00","pd_amount":"0.00","points_money":"0.00","points_number":"0","evaluation_state":"0","evaluation_again_state":"0","order_state":"20","lock_state":"0","delete_state":"0","delay_time":"0","order_from":"1","order_type":"1","api_pay_time":"0","rpt_amount":"0.00","trade_no":"2019090522001495640511688619","voucher_price":"0.00","voucher_code":"","promotion_info":"","commis_rate":"10","member_invite_momey":"0.010","store_invite_momey":"0.010","cost_momey":"0.050","cost_points":"0","invite_info":"{\"commis_rate\":10,\"commis_rate_invstore\":10,\"commis_rate_invmember\":10,\"commis_rate_system\":30,\"commis_rate_points\":50,\"commis_rate_sys\":0.02}","sys_commis_momey":"0.050","seller_del":"0","seller_money":"0.900","agent_id":"1","goods_amount":"1.00","agent_commis_momey":"0.030"}],"if_buyer_repay":null}}
[2019-09-06 20:02:38] /api/mobile/api/payment/alipay/notify_url.php ( w=payment&t=notify ) 
ERR: ===rec_pay==[{"order_id":"115","order_sn":"200621027207496013","pay_sn":"200621027207496013","store_id":"9","store_name":"\u5c0f\u6613\u5171\u4eab\u5e73\u53f0","buyer_id":"100013","buyer_name":"100013","add_time":"1567683207","payment_code":"alipay","payment_time":"1567683214","finnshed_time":"0","order_amount":"1.00","rcb_amount":"0.00","pd_amount":"0.00","points_money":"0.00","points_number":"0","evaluation_state":"0","evaluation_again_state":"0","order_state":"20","lock_state":"0","delete_state":"0","delay_time":"0","order_from":"1","order_type":"1","api_pay_time":"0","rpt_amount":"0.00","trade_no":"2019090522001495640511688619","voucher_price":"0.00","voucher_code":"","promotion_info":"","commis_rate":"10","member_invite_momey":"0.010","store_invite_momey":"0.010","cost_momey":"0.050","cost_points":"0","invite_info":"{\"commis_rate\":10,\"commis_rate_invstore\":10,\"commis_rate_invmember\":10,\"commis_rate_system\":30,\"commis_rate_points\":50,\"commis_rate_sys\":0.02}","sys_commis_momey":"0.050","seller_del":"0","seller_money":"0.900","agent_id":"1","goods_amount":"1.00","agent_commis_momey":"0.030"}]
