[2019-09-09 00:35:30] /api/mobile/index.php/connect/wxlogin ( w=connect&t=wxlogin ) 
ERR: -url--https://api.weixin.qq.com/sns/jscode2session?appid=wx913c5f6d1a789dc1&secret=a7ea7fe537edbdf19c9d491ff196fd6e&js_code=033DO7HF1fIsX60qn4GF1F8gHF1DO7H9&grant_type=authorization_code
[2019-09-09 00:35:32] /api/mobile/index.php/connect/wxlogin ( w=connect&t=wxlogin ) 
ERR: ---{"session_key":"x4olcGC22j9AVAIC0fkNrw==","openid":"odKIv5bc8r4VLCWRrzpoqxuteASE","unionid":"omMUbxAAenIN2lTaCPpyAvt3-Nn8"}
[2019-09-09 00:42:48] http://www.fhlego.com/api/mobile/index.php/index/pglist ( w=index&t=pglist ) 
ERR: Db Error: You have an error in your SQL syntax; check the manual that corresponds to your MySQL server version for the right syntax to use near '-8,8' at line 1
SELECT * FROM `shopwt_points_goods` WHERE ( pgoods_show = '1' ) AND ( pgoods_state = '0' ) AND ( pgoods_commend = '1' ) AND ( pgoods_endtime > '1567960968' ) AND ( city_id = '2107' ) ORDER BY pgoods_sort asc,pgoods_id desc LIMIT -8,8  
[2019-09-09 00:45:17] http://www.fhlego.com/api/mobile/index.php/index/pglist ( w=index&t=pglist ) 
ERR: Db Error: You have an error in your SQL syntax; check the manual that corresponds to your MySQL server version for the right syntax to use near '-8,8' at line 1
SELECT * FROM `shopwt_points_goods` WHERE ( pgoods_show = '1' ) AND ( pgoods_state = '0' ) AND ( pgoods_commend = '1' ) AND ( pgoods_endtime > '1567961117' ) AND ( city_id = '2107' ) ORDER BY pgoods_sort asc,pgoods_id desc LIMIT -8,8  
[2019-09-09 00:57:22] /api/mobile/index.php/connect/wxlogin ( w=connect&t=wxlogin ) 
ERR: -url--https://api.weixin.qq.com/sns/jscode2session?appid=wx913c5f6d1a789dc1&secret=a7ea7fe537edbdf19c9d491ff196fd6e&js_code=023qVGrp15DAFi0ZBJsp13dZrp1qVGrC&grant_type=authorization_code
[2019-09-09 00:57:22] /api/mobile/index.php/connect/wxlogin ( w=connect&t=wxlogin ) 
ERR: ---{"session_key":"kZxPHJ9JVEARQ8JSoMaFSg==","openid":"odKIv5UlzQp6rJTe4U4YMFuvXgME","unionid":"omMUbxFgUWE2yuoFwusuLeNHgeuM"}
[2019-09-09 01:01:05] /api/mobile/index.php/connect/wxlogin ( w=connect&t=wxlogin ) 
ERR: -url--https://api.weixin.qq.com/sns/jscode2session?appid=wx913c5f6d1a789dc1&secret=a7ea7fe537edbdf19c9d491ff196fd6e&js_code=043zodCB1G9kfc0e7PAB1IPfCB1zodCZ&grant_type=authorization_code
[2019-09-09 01:01:06] /api/mobile/index.php/connect/wxlogin ( w=connect&t=wxlogin ) 
ERR: ---{"session_key":"nBMf92u5AvXUvMCkKRFvYA==","openid":"odKIv5bc8r4VLCWRrzpoqxuteASE","unionid":"omMUbxAAenIN2lTaCPpyAvt3-Nn8"}
[2019-09-09 01:21:52] /api/mobile/index.php/connect/wxlogin ( w=connect&t=wxlogin ) 
ERR: -url--https://api.weixin.qq.com/sns/jscode2session?appid=wx913c5f6d1a789dc1&secret=a7ea7fe537edbdf19c9d491ff196fd6e&js_code=043HGoRV0F4kB22FX6UV06E9RV0HGoRe&grant_type=authorization_code
[2019-09-09 01:21:54] /api/mobile/index.php/connect/wxlogin ( w=connect&t=wxlogin ) 
ERR: ---{"session_key":"oXEsZ3Fzbj2kpxCE4YtPCA==","openid":"odKIv5bc8r4VLCWRrzpoqxuteASE","unionid":"omMUbxAAenIN2lTaCPpyAvt3-Nn8"}
[2019-09-09 01:22:36] /api/mobile/index.php/connect/wxlogin ( w=connect&t=wxlogin ) 
ERR: -url--https://api.weixin.qq.com/sns/jscode2session?appid=wx913c5f6d1a789dc1&secret=a7ea7fe537edbdf19c9d491ff196fd6e&js_code=033fYsDi2pGghB0GxHEi2RbNDi2fYsDZ&grant_type=authorization_code
[2019-09-09 01:22:37] /api/mobile/index.php/connect/wxlogin ( w=connect&t=wxlogin ) 
ERR: ---{"session_key":"p6+by84iIRWLBI58vq7Fqg==","openid":"odKIv5b6HKuksGmdZt5ZeYsx-c_c"}
[2019-09-09 01:23:03] /api/mobile/index.php/connect/wxlogin ( w=connect&t=wxlogin ) 
ERR: -url--https://api.weixin.qq.com/sns/jscode2session?appid=wx913c5f6d1a789dc1&secret=a7ea7fe537edbdf19c9d491ff196fd6e&js_code=0238iB8J1zNxA30neF7J1O3A8J18iB8R&grant_type=authorization_code
[2019-09-09 01:23:04] /api/mobile/index.php/connect/wxlogin ( w=connect&t=wxlogin ) 
ERR: ---{"session_key":"p6+by84iIRWLBI58vq7Fqg==","openid":"odKIv5b6HKuksGmdZt5ZeYsx-c_c"}
