[2019-09-03 05:25:46] /api/mobile/api/payment/wxminipay/notify_url.php ( w=payment&t=notify ) 
ERR: =======
[2019-09-03 05:25:46] /api/mobile/api/payment/wxminipay/notify_url.php ( w=payment&t=notify ) 
ERR: ===2====
[2019-09-03 05:25:46] /api/mobile/api/payment/wxminipay/notify_url.php ( w=payment&t=notify ) 
ERR: ===notifyWt=5====result==={"appid":"wx913c5f6d1a789dc1","attach":"r","bank_type":"CCB_DEBIT","cash_fee":"1000","fee_type":"CNY","is_subscribe":"N","mch_id":"1347652401","nonce_str":"a5b3d0531f08db37aab91f0adc066166","openid":"odKIv5b6HKuksGmdZt5ZeYsx-c_c","out_trade_no":"5106207402768900131889","result_code":"SUCCESS","return_code":"SUCCESS","sign":"8B28CB64BF7A7835ABED9605B84B4D5C","time_end":"20190902115127","total_fee":"1000","trade_type":"JSAPI","transaction_id":"4200000344201909021022123997"}
[2019-09-03 05:25:46] /api/mobile/api/payment/wxminipay/notify_url.php ( w=payment&t=notify ) 
ERR: ===notifyWt=5====internalSn===510620740276890013_r----{"appid":"wx913c5f6d1a789dc1","attach":"r","bank_type":"CCB_DEBIT","cash_fee":"1000","fee_type":"CNY","is_subscribe":"N","mch_id":"1347652401","nonce_str":"a5b3d0531f08db37aab91f0adc066166","openid":"odKIv5b6HKuksGmdZt5ZeYsx-c_c","out_trade_no":"510620740276890013","result_code":"SUCCESS","return_code":"SUCCESS","sign":"8B28CB64BF7A7835ABED9605B84B4D5C","time_end":"20190902115127","total_fee":"1000","trade_type":"JSAPI","transaction_id":"4200000344201909021022123997"}
[2019-09-03 05:25:46] /api/mobile/api/payment/wxminipay/notify_url.php ( w=payment&t=notify ) 
ERR: ===out_trade_no==510620740276890013_r
[2019-09-03 05:25:46] /api/mobile/api/payment/wxminipay/notify_url.php ( w=payment&t=notify ) 
ERR: ===getRealOrderInfo=={"pay_sn":"510620740276890013"}
[2019-09-03 05:25:46] /api/mobile/api/payment/wxminipay/notify_url.php ( w=payment&t=notify ) 
ERR: ===r5555=={"state":true,"msg":"","data":{"subject":"\u5b9e\u7269\u8ba2\u5355_","order_type":"real_order","order_list":[{"order_id":"104","order_sn":"510620740276890013","pay_sn":"510620740276890013","store_id":"9","store_name":"\u5c0f\u6613\u5171\u4eab\u5e73\u53f0","buyer_id":"100013","buyer_name":"100013","add_time":"1567396276","payment_code":"wxminipay","payment_time":"1567396285","finnshed_time":"0","order_amount":"10.00","rcb_amount":"0.00","pd_amount":"0.00","points_money":"0.00","points_number":"0","evaluation_state":"0","evaluation_again_state":"0","order_state":"20","lock_state":"0","delete_state":"0","delay_time":"0","order_from":"1","order_type":"1","api_pay_time":"0","rpt_amount":"0.00","trade_no":"4200000344201909021022123997","voucher_price":"0.00","voucher_code":"","promotion_info":"","commis_rate":"10","member_invite_momey":"0.000","store_invite_momey":"0.000","cost_momey":"0.000","cost_points":"0","invite_info":"{\"commis_rate\":10,\"commis_rate_invstore\":10,\"commis_rate_invmember\":10,\"commis_rate_system\":30,\"commis_rate_points\":50,\"commis_rate_sys\":0.02}","sys_commis_momey":"0.000","seller_del":"0","seller_money":"0.000","agent_id":"1","goods_amount":"10.00","agent_commis_momey":"0.000"}],"if_buyer_repay":null}}
[2019-09-03 05:25:46] /api/mobile/api/payment/wxminipay/notify_url.php ( w=payment&t=notify ) 
ERR: ===rec_pay==[{"order_id":"104","order_sn":"510620740276890013","pay_sn":"510620740276890013","store_id":"9","store_name":"\u5c0f\u6613\u5171\u4eab\u5e73\u53f0","buyer_id":"100013","buyer_name":"100013","add_time":"1567396276","payment_code":"wxminipay","payment_time":"1567396285","finnshed_time":"0","order_amount":"10.00","rcb_amount":"0.00","pd_amount":"0.00","points_money":"0.00","points_number":"0","evaluation_state":"0","evaluation_again_state":"0","order_state":"20","lock_state":"0","delete_state":"0","delay_time":"0","order_from":"1","order_type":"1","api_pay_time":"0","rpt_amount":"0.00","trade_no":"4200000344201909021022123997","voucher_price":"0.00","voucher_code":"","promotion_info":"","commis_rate":"10","member_invite_momey":"0.000","store_invite_momey":"0.000","cost_momey":"0.000","cost_points":"0","invite_info":"{\"commis_rate\":10,\"commis_rate_invstore\":10,\"commis_rate_invmember\":10,\"commis_rate_system\":30,\"commis_rate_points\":50,\"commis_rate_sys\":0.02}","sys_commis_momey":"0.000","seller_del":"0","seller_money":"0.000","agent_id":"1","goods_amount":"10.00","agent_commis_momey":"0.000"}]
[2019-09-03 05:25:46] /api/mobile/api/payment/wxminipay/notify_url.php ( w=payment&t=notify ) 
ERR: ===rec_pay=22={"order_id":"104","order_sn":"510620740276890013","pay_sn":"510620740276890013","store_id":"9","store_name":"\u5c0f\u6613\u5171\u4eab\u5e73\u53f0","buyer_id":"100013","buyer_name":"100013","add_time":"1567396276","payment_code":"wxminipay","payment_time":"1567396285","finnshed_time":"0","order_amount":"10.00","rcb_amount":"0.00","pd_amount":"0.00","points_money":"0.00","points_number":"0","evaluation_state":"0","evaluation_again_state":"0","order_state":"20","lock_state":"0","delete_state":"0","delay_time":"0","order_from":"1","order_type":"1","api_pay_time":"0","rpt_amount":"0.00","trade_no":"4200000344201909021022123997","voucher_price":"0.00","voucher_code":"","promotion_info":"","commis_rate":"10","member_invite_momey":"0.000","store_invite_momey":"0.000","cost_momey":"0.000","cost_points":"0","invite_info":"{\"commis_rate\":10,\"commis_rate_invstore\":10,\"commis_rate_invmember\":10,\"commis_rate_system\":30,\"commis_rate_points\":50,\"commis_rate_sys\":0.02}","sys_commis_momey":"0.000","seller_del":"0","seller_money":"0.000","agent_id":"1","goods_amount":"10.00","agent_commis_momey":"0.000"}
[2019-09-03 09:21:48] /api/mobile/index.php/member_buy/buy_step2 ( app=&cb= ) 
ERR: {"appid":"wx913c5f6d1a789dc1","mch_id":"1347652401","nonce_str":"987442457880b1bf1ca792f2abf5d510","body":"230620817708071013\u8ba2\u5355","attach":"r","out_trade_no":"2306208177080710132953","total_fee":100,"spbill_create_ip":"58.44.146.244","notify_url":"https:\/\/www.fhlego.com\/api\/mobile\/api\/payment\/wxminipay\/notify_url.php","trade_type":"JSAPI","openid":"odKIv5b6HKuksGmdZt5ZeYsx-c_c","sign":"695DCCD5EFC65C7ABB818A94F8EE681D"}
[2019-09-03 09:21:57] /api/mobile/api/payment/wxminipay/notify_url.php ( w=payment&t=notify ) 
ERR: =======
[2019-09-03 09:21:57] /api/mobile/api/payment/wxminipay/notify_url.php ( w=payment&t=notify ) 
ERR: ===2====
[2019-09-03 09:21:57] /api/mobile/api/payment/wxminipay/notify_url.php ( w=payment&t=notify ) 
ERR: ===notifyWt=5====result==={"appid":"wx913c5f6d1a789dc1","attach":"r","bank_type":"CCB_DEBIT","cash_fee":"100","fee_type":"CNY","is_subscribe":"N","mch_id":"1347652401","nonce_str":"987442457880b1bf1ca792f2abf5d510","openid":"odKIv5b6HKuksGmdZt5ZeYsx-c_c","out_trade_no":"2306208177080710132953","result_code":"SUCCESS","return_code":"SUCCESS","sign":"FCC673169AFAB52DA84E1304EC96490F","time_end":"20190903092155","total_fee":"100","trade_type":"JSAPI","transaction_id":"4200000356201909036408682755"}
[2019-09-03 09:21:57] /api/mobile/api/payment/wxminipay/notify_url.php ( w=payment&t=notify ) 
ERR: ===notifyWt=5====internalSn===230620817708071013_r----{"appid":"wx913c5f6d1a789dc1","attach":"r","bank_type":"CCB_DEBIT","cash_fee":"100","fee_type":"CNY","is_subscribe":"N","mch_id":"1347652401","nonce_str":"987442457880b1bf1ca792f2abf5d510","openid":"odKIv5b6HKuksGmdZt5ZeYsx-c_c","out_trade_no":"230620817708071013","result_code":"SUCCESS","return_code":"SUCCESS","sign":"FCC673169AFAB52DA84E1304EC96490F","time_end":"20190903092155","total_fee":"100","trade_type":"JSAPI","transaction_id":"4200000356201909036408682755"}
[2019-09-03 09:21:57] /api/mobile/api/payment/wxminipay/notify_url.php ( w=payment&t=notify ) 
ERR: ===out_trade_no==230620817708071013_r
[2019-09-03 09:21:57] /api/mobile/api/payment/wxminipay/notify_url.php ( w=payment&t=notify ) 
ERR: ===getRealOrderInfo=={"pay_sn":"230620817708071013"}
[2019-09-03 09:21:57] /api/mobile/api/payment/wxminipay/notify_url.php ( w=payment&t=notify ) 
ERR: ===r5555=={"state":true,"msg":"","data":{"subject":"\u5b9e\u7269\u8ba2\u5355_","order_type":"real_order","order_list":[{"order_id":"105","order_sn":"230620817708071013","pay_sn":"230620817708071013","store_id":"9","store_name":"\u5c0f\u6613\u5171\u4eab\u5e73\u53f0","buyer_id":"100013","buyer_name":"100013","add_time":"1567473708","payment_code":"wxminipay","payment_time":"0","finnshed_time":"0","order_amount":"1.00","rcb_amount":"0.00","pd_amount":"0.00","points_money":"0.00","points_number":"0","evaluation_state":"0","evaluation_again_state":"0","order_state":"10","lock_state":"0","delete_state":"0","delay_time":"0","order_from":"1","order_type":"1","api_pay_time":"0","rpt_amount":"0.00","trade_no":null,"voucher_price":"0.00","voucher_code":"","promotion_info":"","commis_rate":"0","member_invite_momey":"0.000","store_invite_momey":"0.000","cost_momey":"0.000","cost_points":"0","invite_info":"","sys_commis_momey":"0.000","seller_del":"0","seller_money":"0.000","agent_id":"0","goods_amount":"1.00","agent_commis_momey":"0.000"}],"if_buyer_repay":null}}
[2019-09-03 09:21:57] /api/mobile/api/payment/wxminipay/notify_url.php ( w=payment&t=notify ) 
ERR: ===rec_pay==[{"order_id":"105","order_sn":"230620817708071013","pay_sn":"230620817708071013","store_id":"9","store_name":"\u5c0f\u6613\u5171\u4eab\u5e73\u53f0","buyer_id":"100013","buyer_name":"100013","add_time":"1567473708","payment_code":"wxminipay","payment_time":"0","finnshed_time":"0","order_amount":"1.00","rcb_amount":"0.00","pd_amount":"0.00","points_money":"0.00","points_number":"0","evaluation_state":"0","evaluation_again_state":"0","order_state":"10","lock_state":"0","delete_state":"0","delay_time":"0","order_from":"1","order_type":"1","api_pay_time":"0","rpt_amount":"0.00","trade_no":null,"voucher_price":"0.00","voucher_code":"","promotion_info":"","commis_rate":"0","member_invite_momey":"0.000","store_invite_momey":"0.000","cost_momey":"0.000","cost_points":"0","invite_info":"","sys_commis_momey":"0.000","seller_del":"0","seller_money":"0.000","agent_id":"0","goods_amount":"1.00","agent_commis_momey":"0.000"}]
[2019-09-03 09:21:57] /api/mobile/api/payment/wxminipay/notify_url.php ( w=payment&t=notify ) 
ERR: ===rec_pay=22={"order_id":"105","order_sn":"230620817708071013","pay_sn":"230620817708071013","store_id":"9","store_name":"\u5c0f\u6613\u5171\u4eab\u5e73\u53f0","buyer_id":"100013","buyer_name":"100013","add_time":"1567473708","payment_code":"wxminipay","payment_time":"0","finnshed_time":"0","order_amount":"1.00","rcb_amount":"0.00","pd_amount":"0.00","points_money":"0.00","points_number":"0","evaluation_state":"0","evaluation_again_state":"0","order_state":"10","lock_state":"0","delete_state":"0","delay_time":"0","order_from":"1","order_type":"1","api_pay_time":"0","rpt_amount":"0.00","trade_no":null,"voucher_price":"0.00","voucher_code":"","promotion_info":"","commis_rate":"0","member_invite_momey":"0.000","store_invite_momey":"0.000","cost_momey":"0.000","cost_points":"0","invite_info":"","sys_commis_momey":"0.000","seller_del":"0","seller_money":"0.000","agent_id":"0","goods_amount":"1.00","agent_commis_momey":"0.000"}
[2019-09-03 09:22:13] /api/mobile/api/payment/wxminipay/notify_url.php ( w=payment&t=notify ) 
ERR: =======
[2019-09-03 09:22:13] /api/mobile/api/payment/wxminipay/notify_url.php ( w=payment&t=notify ) 
ERR: ===2====
[2019-09-03 09:22:13] /api/mobile/api/payment/wxminipay/notify_url.php ( w=payment&t=notify ) 
ERR: ===notifyWt=5====result==={"appid":"wx913c5f6d1a789dc1","attach":"r","bank_type":"CCB_DEBIT","cash_fee":"100","fee_type":"CNY","is_subscribe":"N","mch_id":"1347652401","nonce_str":"987442457880b1bf1ca792f2abf5d510","openid":"odKIv5b6HKuksGmdZt5ZeYsx-c_c","out_trade_no":"2306208177080710132953","result_code":"SUCCESS","return_code":"SUCCESS","sign":"FCC673169AFAB52DA84E1304EC96490F","time_end":"20190903092155","total_fee":"100","trade_type":"JSAPI","transaction_id":"4200000356201909036408682755"}
[2019-09-03 09:22:13] /api/mobile/api/payment/wxminipay/notify_url.php ( w=payment&t=notify ) 
ERR: ===notifyWt=5====internalSn===230620817708071013_r----{"appid":"wx913c5f6d1a789dc1","attach":"r","bank_type":"CCB_DEBIT","cash_fee":"100","fee_type":"CNY","is_subscribe":"N","mch_id":"1347652401","nonce_str":"987442457880b1bf1ca792f2abf5d510","openid":"odKIv5b6HKuksGmdZt5ZeYsx-c_c","out_trade_no":"230620817708071013","result_code":"SUCCESS","return_code":"SUCCESS","sign":"FCC673169AFAB52DA84E1304EC96490F","time_end":"20190903092155","total_fee":"100","trade_type":"JSAPI","transaction_id":"4200000356201909036408682755"}
[2019-09-03 09:22:13] /api/mobile/api/payment/wxminipay/notify_url.php ( w=payment&t=notify ) 
ERR: ===out_trade_no==230620817708071013_r
[2019-09-03 09:22:13] /api/mobile/api/payment/wxminipay/notify_url.php ( w=payment&t=notify ) 
ERR: ===getRealOrderInfo=={"pay_sn":"230620817708071013"}
[2019-09-03 09:22:13] /api/mobile/api/payment/wxminipay/notify_url.php ( w=payment&t=notify ) 
ERR: ===r5555=={"state":true,"msg":"","data":{"subject":"\u5b9e\u7269\u8ba2\u5355_","order_type":"real_order","order_list":[{"order_id":"105","order_sn":"230620817708071013","pay_sn":"230620817708071013","store_id":"9","store_name":"\u5c0f\u6613\u5171\u4eab\u5e73\u53f0","buyer_id":"100013","buyer_name":"100013","add_time":"1567473708","payment_code":"wxminipay","payment_time":"1567473717","finnshed_time":"0","order_amount":"1.00","rcb_amount":"0.00","pd_amount":"0.00","points_money":"0.00","points_number":"0","evaluation_state":"0","evaluation_again_state":"0","order_state":"20","lock_state":"0","delete_state":"0","delay_time":"0","order_from":"1","order_type":"1","api_pay_time":"0","rpt_amount":"0.00","trade_no":"4200000356201909036408682755","voucher_price":"0.00","voucher_code":"","promotion_info":"","commis_rate":"10","member_invite_momey":"0.010","store_invite_momey":"0.010","cost_momey":"0.050","cost_points":"0","invite_info":"{\"commis_rate\":10,\"commis_rate_invstore\":10,\"commis_rate_invmember\":10,\"commis_rate_system\":30,\"commis_rate_points\":50,\"commis_rate_sys\":0.02}","sys_commis_momey":"0.050","seller_del":"0","seller_money":"0.900","agent_id":"1","goods_amount":"1.00","agent_commis_momey":"0.030"}],"if_buyer_repay":null}}
[2019-09-03 09:22:13] /api/mobile/api/payment/wxminipay/notify_url.php ( w=payment&t=notify ) 
ERR: ===rec_pay==[{"order_id":"105","order_sn":"230620817708071013","pay_sn":"230620817708071013","store_id":"9","store_name":"\u5c0f\u6613\u5171\u4eab\u5e73\u53f0","buyer_id":"100013","buyer_name":"100013","add_time":"1567473708","payment_code":"wxminipay","payment_time":"1567473717","finnshed_time":"0","order_amount":"1.00","rcb_amount":"0.00","pd_amount":"0.00","points_money":"0.00","points_number":"0","evaluation_state":"0","evaluation_again_state":"0","order_state":"20","lock_state":"0","delete_state":"0","delay_time":"0","order_from":"1","order_type":"1","api_pay_time":"0","rpt_amount":"0.00","trade_no":"4200000356201909036408682755","voucher_price":"0.00","voucher_code":"","promotion_info":"","commis_rate":"10","member_invite_momey":"0.010","store_invite_momey":"0.010","cost_momey":"0.050","cost_points":"0","invite_info":"{\"commis_rate\":10,\"commis_rate_invstore\":10,\"commis_rate_invmember\":10,\"commis_rate_system\":30,\"commis_rate_points\":50,\"commis_rate_sys\":0.02}","sys_commis_momey":"0.050","seller_del":"0","seller_money":"0.900","agent_id":"1","goods_amount":"1.00","agent_commis_momey":"0.030"}]
[2019-09-03 09:22:13] /api/mobile/api/payment/wxminipay/notify_url.php ( w=payment&t=notify ) 
ERR: ===rec_pay=22={"order_id":"105","order_sn":"230620817708071013","pay_sn":"230620817708071013","store_id":"9","store_name":"\u5c0f\u6613\u5171\u4eab\u5e73\u53f0","buyer_id":"100013","buyer_name":"100013","add_time":"1567473708","payment_code":"wxminipay","payment_time":"1567473717","finnshed_time":"0","order_amount":"1.00","rcb_amount":"0.00","pd_amount":"0.00","points_money":"0.00","points_number":"0","evaluation_state":"0","evaluation_again_state":"0","order_state":"20","lock_state":"0","delete_state":"0","delay_time":"0","order_from":"1","order_type":"1","api_pay_time":"0","rpt_amount":"0.00","trade_no":"4200000356201909036408682755","voucher_price":"0.00","voucher_code":"","promotion_info":"","commis_rate":"10","member_invite_momey":"0.010","store_invite_momey":"0.010","cost_momey":"0.050","cost_points":"0","invite_info":"{\"commis_rate\":10,\"commis_rate_invstore\":10,\"commis_rate_invmember\":10,\"commis_rate_system\":30,\"commis_rate_points\":50,\"commis_rate_sys\":0.02}","sys_commis_momey":"0.050","seller_del":"0","seller_money":"0.900","agent_id":"1","goods_amount":"1.00","agent_commis_momey":"0.030"}
[2019-09-03 09:22:29] /api/mobile/api/payment/wxminipay/notify_url.php ( w=payment&t=notify ) 
ERR: =======
[2019-09-03 09:22:29] /api/mobile/api/payment/wxminipay/notify_url.php ( w=payment&t=notify ) 
ERR: ===2====
[2019-09-03 09:22:29] /api/mobile/api/payment/wxminipay/notify_url.php ( w=payment&t=notify ) 
ERR: ===notifyWt=5====result==={"appid":"wx913c5f6d1a789dc1","attach":"r","bank_type":"CCB_DEBIT","cash_fee":"100","fee_type":"CNY","is_subscribe":"N","mch_id":"1347652401","nonce_str":"987442457880b1bf1ca792f2abf5d510","openid":"odKIv5b6HKuksGmdZt5ZeYsx-c_c","out_trade_no":"2306208177080710132953","result_code":"SUCCESS","return_code":"SUCCESS","sign":"FCC673169AFAB52DA84E1304EC96490F","time_end":"20190903092155","total_fee":"100","trade_type":"JSAPI","transaction_id":"4200000356201909036408682755"}
[2019-09-03 09:22:29] /api/mobile/api/payment/wxminipay/notify_url.php ( w=payment&t=notify ) 
ERR: ===notifyWt=5====internalSn===230620817708071013_r----{"appid":"wx913c5f6d1a789dc1","attach":"r","bank_type":"CCB_DEBIT","cash_fee":"100","fee_type":"CNY","is_subscribe":"N","mch_id":"1347652401","nonce_str":"987442457880b1bf1ca792f2abf5d510","openid":"odKIv5b6HKuksGmdZt5ZeYsx-c_c","out_trade_no":"230620817708071013","result_code":"SUCCESS","return_code":"SUCCESS","sign":"FCC673169AFAB52DA84E1304EC96490F","time_end":"20190903092155","total_fee":"100","trade_type":"JSAPI","transaction_id":"4200000356201909036408682755"}
[2019-09-03 09:22:29] /api/mobile/api/payment/wxminipay/notify_url.php ( w=payment&t=notify ) 
ERR: ===out_trade_no==230620817708071013_r
[2019-09-03 09:22:29] /api/mobile/api/payment/wxminipay/notify_url.php ( w=payment&t=notify ) 
ERR: ===getRealOrderInfo=={"pay_sn":"230620817708071013"}
[2019-09-03 09:22:29] /api/mobile/api/payment/wxminipay/notify_url.php ( w=payment&t=notify ) 
ERR: ===r5555=={"state":true,"msg":"","data":{"subject":"\u5b9e\u7269\u8ba2\u5355_","order_type":"real_order","order_list":[{"order_id":"105","order_sn":"230620817708071013","pay_sn":"230620817708071013","store_id":"9","store_name":"\u5c0f\u6613\u5171\u4eab\u5e73\u53f0","buyer_id":"100013","buyer_name":"100013","add_time":"1567473708","payment_code":"wxminipay","payment_time":"1567473717","finnshed_time":"0","order_amount":"1.00","rcb_amount":"0.00","pd_amount":"0.00","points_money":"0.00","points_number":"0","evaluation_state":"0","evaluation_again_state":"0","order_state":"20","lock_state":"0","delete_state":"0","delay_time":"0","order_from":"1","order_type":"1","api_pay_time":"0","rpt_amount":"0.00","trade_no":"4200000356201909036408682755","voucher_price":"0.00","voucher_code":"","promotion_info":"","commis_rate":"10","member_invite_momey":"0.010","store_invite_momey":"0.010","cost_momey":"0.050","cost_points":"0","invite_info":"{\"commis_rate\":10,\"commis_rate_invstore\":10,\"commis_rate_invmember\":10,\"commis_rate_system\":30,\"commis_rate_points\":50,\"commis_rate_sys\":0.02}","sys_commis_momey":"0.050","seller_del":"0","seller_money":"0.900","agent_id":"1","goods_amount":"1.00","agent_commis_momey":"0.030"}],"if_buyer_repay":null}}
[2019-09-03 09:22:29] /api/mobile/api/payment/wxminipay/notify_url.php ( w=payment&t=notify ) 
ERR: ===rec_pay==[{"order_id":"105","order_sn":"230620817708071013","pay_sn":"230620817708071013","store_id":"9","store_name":"\u5c0f\u6613\u5171\u4eab\u5e73\u53f0","buyer_id":"100013","buyer_name":"100013","add_time":"1567473708","payment_code":"wxminipay","payment_time":"1567473717","finnshed_time":"0","order_amount":"1.00","rcb_amount":"0.00","pd_amount":"0.00","points_money":"0.00","points_number":"0","evaluation_state":"0","evaluation_again_state":"0","order_state":"20","lock_state":"0","delete_state":"0","delay_time":"0","order_from":"1","order_type":"1","api_pay_time":"0","rpt_amount":"0.00","trade_no":"4200000356201909036408682755","voucher_price":"0.00","voucher_code":"","promotion_info":"","commis_rate":"10","member_invite_momey":"0.010","store_invite_momey":"0.010","cost_momey":"0.050","cost_points":"0","invite_info":"{\"commis_rate\":10,\"commis_rate_invstore\":10,\"commis_rate_invmember\":10,\"commis_rate_system\":30,\"commis_rate_points\":50,\"commis_rate_sys\":0.02}","sys_commis_momey":"0.050","seller_del":"0","seller_money":"0.900","agent_id":"1","goods_amount":"1.00","agent_commis_momey":"0.030"}]
[2019-09-03 09:22:29] /api/mobile/api/payment/wxminipay/notify_url.php ( w=payment&t=notify ) 
ERR: ===rec_pay=22={"order_id":"105","order_sn":"230620817708071013","pay_sn":"230620817708071013","store_id":"9","store_name":"\u5c0f\u6613\u5171\u4eab\u5e73\u53f0","buyer_id":"100013","buyer_name":"100013","add_time":"1567473708","payment_code":"wxminipay","payment_time":"1567473717","finnshed_time":"0","order_amount":"1.00","rcb_amount":"0.00","pd_amount":"0.00","points_money":"0.00","points_number":"0","evaluation_state":"0","evaluation_again_state":"0","order_state":"20","lock_state":"0","delete_state":"0","delay_time":"0","order_from":"1","order_type":"1","api_pay_time":"0","rpt_amount":"0.00","trade_no":"4200000356201909036408682755","voucher_price":"0.00","voucher_code":"","promotion_info":"","commis_rate":"10","member_invite_momey":"0.010","store_invite_momey":"0.010","cost_momey":"0.050","cost_points":"0","invite_info":"{\"commis_rate\":10,\"commis_rate_invstore\":10,\"commis_rate_invmember\":10,\"commis_rate_system\":30,\"commis_rate_points\":50,\"commis_rate_sys\":0.02}","sys_commis_momey":"0.050","seller_del":"0","seller_money":"0.900","agent_id":"1","goods_amount":"1.00","agent_commis_momey":"0.030"}
[2019-09-03 09:22:59] /api/mobile/api/payment/wxminipay/notify_url.php ( w=payment&t=notify ) 
ERR: =======
[2019-09-03 09:22:59] /api/mobile/api/payment/wxminipay/notify_url.php ( w=payment&t=notify ) 
ERR: ===2====
[2019-09-03 09:22:59] /api/mobile/api/payment/wxminipay/notify_url.php ( w=payment&t=notify ) 
ERR: ===notifyWt=5====result==={"appid":"wx913c5f6d1a789dc1","attach":"r","bank_type":"CCB_DEBIT","cash_fee":"100","fee_type":"CNY","is_subscribe":"N","mch_id":"1347652401","nonce_str":"987442457880b1bf1ca792f2abf5d510","openid":"odKIv5b6HKuksGmdZt5ZeYsx-c_c","out_trade_no":"2306208177080710132953","result_code":"SUCCESS","return_code":"SUCCESS","sign":"FCC673169AFAB52DA84E1304EC96490F","time_end":"20190903092155","total_fee":"100","trade_type":"JSAPI","transaction_id":"4200000356201909036408682755"}
[2019-09-03 09:22:59] /api/mobile/api/payment/wxminipay/notify_url.php ( w=payment&t=notify ) 
ERR: ===notifyWt=5====internalSn===230620817708071013_r----{"appid":"wx913c5f6d1a789dc1","attach":"r","bank_type":"CCB_DEBIT","cash_fee":"100","fee_type":"CNY","is_subscribe":"N","mch_id":"1347652401","nonce_str":"987442457880b1bf1ca792f2abf5d510","openid":"odKIv5b6HKuksGmdZt5ZeYsx-c_c","out_trade_no":"230620817708071013","result_code":"SUCCESS","return_code":"SUCCESS","sign":"FCC673169AFAB52DA84E1304EC96490F","time_end":"20190903092155","total_fee":"100","trade_type":"JSAPI","transaction_id":"4200000356201909036408682755"}
[2019-09-03 09:22:59] /api/mobile/api/payment/wxminipay/notify_url.php ( w=payment&t=notify ) 
ERR: ===out_trade_no==230620817708071013_r
[2019-09-03 09:22:59] /api/mobile/api/payment/wxminipay/notify_url.php ( w=payment&t=notify ) 
ERR: ===getRealOrderInfo=={"pay_sn":"230620817708071013"}
[2019-09-03 09:22:59] /api/mobile/api/payment/wxminipay/notify_url.php ( w=payment&t=notify ) 
ERR: ===r5555=={"state":true,"msg":"","data":{"subject":"\u5b9e\u7269\u8ba2\u5355_","order_type":"real_order","order_list":[{"order_id":"105","order_sn":"230620817708071013","pay_sn":"230620817708071013","store_id":"9","store_name":"\u5c0f\u6613\u5171\u4eab\u5e73\u53f0","buyer_id":"100013","buyer_name":"100013","add_time":"1567473708","payment_code":"wxminipay","payment_time":"1567473717","finnshed_time":"0","order_amount":"1.00","rcb_amount":"0.00","pd_amount":"0.00","points_money":"0.00","points_number":"0","evaluation_state":"0","evaluation_again_state":"0","order_state":"20","lock_state":"0","delete_state":"0","delay_time":"0","order_from":"1","order_type":"1","api_pay_time":"0","rpt_amount":"0.00","trade_no":"4200000356201909036408682755","voucher_price":"0.00","voucher_code":"","promotion_info":"","commis_rate":"10","member_invite_momey":"0.010","store_invite_momey":"0.010","cost_momey":"0.050","cost_points":"0","invite_info":"{\"commis_rate\":10,\"commis_rate_invstore\":10,\"commis_rate_invmember\":10,\"commis_rate_system\":30,\"commis_rate_points\":50,\"commis_rate_sys\":0.02}","sys_commis_momey":"0.050","seller_del":"0","seller_money":"0.900","agent_id":"1","goods_amount":"1.00","agent_commis_momey":"0.030"}],"if_buyer_repay":null}}
[2019-09-03 09:22:59] /api/mobile/api/payment/wxminipay/notify_url.php ( w=payment&t=notify ) 
ERR: ===rec_pay==[{"order_id":"105","order_sn":"230620817708071013","pay_sn":"230620817708071013","store_id":"9","store_name":"\u5c0f\u6613\u5171\u4eab\u5e73\u53f0","buyer_id":"100013","buyer_name":"100013","add_time":"1567473708","payment_code":"wxminipay","payment_time":"1567473717","finnshed_time":"0","order_amount":"1.00","rcb_amount":"0.00","pd_amount":"0.00","points_money":"0.00","points_number":"0","evaluation_state":"0","evaluation_again_state":"0","order_state":"20","lock_state":"0","delete_state":"0","delay_time":"0","order_from":"1","order_type":"1","api_pay_time":"0","rpt_amount":"0.00","trade_no":"4200000356201909036408682755","voucher_price":"0.00","voucher_code":"","promotion_info":"","commis_rate":"10","member_invite_momey":"0.010","store_invite_momey":"0.010","cost_momey":"0.050","cost_points":"0","invite_info":"{\"commis_rate\":10,\"commis_rate_invstore\":10,\"commis_rate_invmember\":10,\"commis_rate_system\":30,\"commis_rate_points\":50,\"commis_rate_sys\":0.02}","sys_commis_momey":"0.050","seller_del":"0","seller_money":"0.900","agent_id":"1","goods_amount":"1.00","agent_commis_momey":"0.030"}]
[2019-09-03 09:22:59] /api/mobile/api/payment/wxminipay/notify_url.php ( w=payment&t=notify ) 
ERR: ===rec_pay=22={"order_id":"105","order_sn":"230620817708071013","pay_sn":"230620817708071013","store_id":"9","store_name":"\u5c0f\u6613\u5171\u4eab\u5e73\u53f0","buyer_id":"100013","buyer_name":"100013","add_time":"1567473708","payment_code":"wxminipay","payment_time":"1567473717","finnshed_time":"0","order_amount":"1.00","rcb_amount":"0.00","pd_amount":"0.00","points_money":"0.00","points_number":"0","evaluation_state":"0","evaluation_again_state":"0","order_state":"20","lock_state":"0","delete_state":"0","delay_time":"0","order_from":"1","order_type":"1","api_pay_time":"0","rpt_amount":"0.00","trade_no":"4200000356201909036408682755","voucher_price":"0.00","voucher_code":"","promotion_info":"","commis_rate":"10","member_invite_momey":"0.010","store_invite_momey":"0.010","cost_momey":"0.050","cost_points":"0","invite_info":"{\"commis_rate\":10,\"commis_rate_invstore\":10,\"commis_rate_invmember\":10,\"commis_rate_system\":30,\"commis_rate_points\":50,\"commis_rate_sys\":0.02}","sys_commis_momey":"0.050","seller_del":"0","seller_money":"0.900","agent_id":"1","goods_amount":"1.00","agent_commis_momey":"0.030"}
[2019-09-03 09:26:00] /api/mobile/api/payment/wxminipay/notify_url.php ( w=payment&t=notify ) 
ERR: =======
[2019-09-03 09:26:00] /api/mobile/api/payment/wxminipay/notify_url.php ( w=payment&t=notify ) 
ERR: ===2====
[2019-09-03 09:26:00] /api/mobile/api/payment/wxminipay/notify_url.php ( w=payment&t=notify ) 
ERR: ===notifyWt=5====result==={"appid":"wx913c5f6d1a789dc1","attach":"r","bank_type":"CCB_DEBIT","cash_fee":"100","fee_type":"CNY","is_subscribe":"N","mch_id":"1347652401","nonce_str":"987442457880b1bf1ca792f2abf5d510","openid":"odKIv5b6HKuksGmdZt5ZeYsx-c_c","out_trade_no":"2306208177080710132953","result_code":"SUCCESS","return_code":"SUCCESS","sign":"FCC673169AFAB52DA84E1304EC96490F","time_end":"20190903092155","total_fee":"100","trade_type":"JSAPI","transaction_id":"4200000356201909036408682755"}
[2019-09-03 09:26:00] /api/mobile/api/payment/wxminipay/notify_url.php ( w=payment&t=notify ) 
ERR: ===notifyWt=5====internalSn===230620817708071013_r----{"appid":"wx913c5f6d1a789dc1","attach":"r","bank_type":"CCB_DEBIT","cash_fee":"100","fee_type":"CNY","is_subscribe":"N","mch_id":"1347652401","nonce_str":"987442457880b1bf1ca792f2abf5d510","openid":"odKIv5b6HKuksGmdZt5ZeYsx-c_c","out_trade_no":"230620817708071013","result_code":"SUCCESS","return_code":"SUCCESS","sign":"FCC673169AFAB52DA84E1304EC96490F","time_end":"20190903092155","total_fee":"100","trade_type":"JSAPI","transaction_id":"4200000356201909036408682755"}
[2019-09-03 09:26:00] /api/mobile/api/payment/wxminipay/notify_url.php ( w=payment&t=notify ) 
ERR: ===out_trade_no==230620817708071013_r
[2019-09-03 09:26:00] /api/mobile/api/payment/wxminipay/notify_url.php ( w=payment&t=notify ) 
ERR: ===getRealOrderInfo=={"pay_sn":"230620817708071013"}
[2019-09-03 09:26:00] /api/mobile/api/payment/wxminipay/notify_url.php ( w=payment&t=notify ) 
ERR: ===r5555=={"state":true,"msg":"","data":{"subject":"\u5b9e\u7269\u8ba2\u5355_","order_type":"real_order","order_list":[{"order_id":"105","order_sn":"230620817708071013","pay_sn":"230620817708071013","store_id":"9","store_name":"\u5c0f\u6613\u5171\u4eab\u5e73\u53f0","buyer_id":"100013","buyer_name":"100013","add_time":"1567473708","payment_code":"wxminipay","payment_time":"1567473717","finnshed_time":"0","order_amount":"1.00","rcb_amount":"0.00","pd_amount":"0.00","points_money":"0.00","points_number":"0","evaluation_state":"0","evaluation_again_state":"0","order_state":"20","lock_state":"0","delete_state":"0","delay_time":"0","order_from":"1","order_type":"1","api_pay_time":"0","rpt_amount":"0.00","trade_no":"4200000356201909036408682755","voucher_price":"0.00","voucher_code":"","promotion_info":"","commis_rate":"10","member_invite_momey":"0.010","store_invite_momey":"0.010","cost_momey":"0.050","cost_points":"0","invite_info":"{\"commis_rate\":10,\"commis_rate_invstore\":10,\"commis_rate_invmember\":10,\"commis_rate_system\":30,\"commis_rate_points\":50,\"commis_rate_sys\":0.02}","sys_commis_momey":"0.050","seller_del":"0","seller_money":"0.900","agent_id":"1","goods_amount":"1.00","agent_commis_momey":"0.030"}],"if_buyer_repay":null}}
[2019-09-03 09:26:00] /api/mobile/api/payment/wxminipay/notify_url.php ( w=payment&t=notify ) 
ERR: ===rec_pay==[{"order_id":"105","order_sn":"230620817708071013","pay_sn":"230620817708071013","store_id":"9","store_name":"\u5c0f\u6613\u5171\u4eab\u5e73\u53f0","buyer_id":"100013","buyer_name":"100013","add_time":"1567473708","payment_code":"wxminipay","payment_time":"1567473717","finnshed_time":"0","order_amount":"1.00","rcb_amount":"0.00","pd_amount":"0.00","points_money":"0.00","points_number":"0","evaluation_state":"0","evaluation_again_state":"0","order_state":"20","lock_state":"0","delete_state":"0","delay_time":"0","order_from":"1","order_type":"1","api_pay_time":"0","rpt_amount":"0.00","trade_no":"4200000356201909036408682755","voucher_price":"0.00","voucher_code":"","promotion_info":"","commis_rate":"10","member_invite_momey":"0.010","store_invite_momey":"0.010","cost_momey":"0.050","cost_points":"0","invite_info":"{\"commis_rate\":10,\"commis_rate_invstore\":10,\"commis_rate_invmember\":10,\"commis_rate_system\":30,\"commis_rate_points\":50,\"commis_rate_sys\":0.02}","sys_commis_momey":"0.050","seller_del":"0","seller_money":"0.900","agent_id":"1","goods_amount":"1.00","agent_commis_momey":"0.030"}]
[2019-09-03 09:26:00] /api/mobile/api/payment/wxminipay/notify_url.php ( w=payment&t=notify ) 
ERR: ===rec_pay=22={"order_id":"105","order_sn":"230620817708071013","pay_sn":"230620817708071013","store_id":"9","store_name":"\u5c0f\u6613\u5171\u4eab\u5e73\u53f0","buyer_id":"100013","buyer_name":"100013","add_time":"1567473708","payment_code":"wxminipay","payment_time":"1567473717","finnshed_time":"0","order_amount":"1.00","rcb_amount":"0.00","pd_amount":"0.00","points_money":"0.00","points_number":"0","evaluation_state":"0","evaluation_again_state":"0","order_state":"20","lock_state":"0","delete_state":"0","delay_time":"0","order_from":"1","order_type":"1","api_pay_time":"0","rpt_amount":"0.00","trade_no":"4200000356201909036408682755","voucher_price":"0.00","voucher_code":"","promotion_info":"","commis_rate":"10","member_invite_momey":"0.010","store_invite_momey":"0.010","cost_momey":"0.050","cost_points":"0","invite_info":"{\"commis_rate\":10,\"commis_rate_invstore\":10,\"commis_rate_invmember\":10,\"commis_rate_system\":30,\"commis_rate_points\":50,\"commis_rate_sys\":0.02}","sys_commis_momey":"0.050","seller_del":"0","seller_money":"0.900","agent_id":"1","goods_amount":"1.00","agent_commis_momey":"0.030"}
[2019-09-03 09:36:01] /api/mobile/api/payment/wxminipay/notify_url.php ( w=payment&t=notify ) 
ERR: =======
[2019-09-03 09:36:01] /api/mobile/api/payment/wxminipay/notify_url.php ( w=payment&t=notify ) 
ERR: ===2====
[2019-09-03 09:36:01] /api/mobile/api/payment/wxminipay/notify_url.php ( w=payment&t=notify ) 
ERR: ===notifyWt=5====result==={"appid":"wx913c5f6d1a789dc1","attach":"r","bank_type":"CCB_DEBIT","cash_fee":"100","fee_type":"CNY","is_subscribe":"N","mch_id":"1347652401","nonce_str":"987442457880b1bf1ca792f2abf5d510","openid":"odKIv5b6HKuksGmdZt5ZeYsx-c_c","out_trade_no":"2306208177080710132953","result_code":"SUCCESS","return_code":"SUCCESS","sign":"FCC673169AFAB52DA84E1304EC96490F","time_end":"20190903092155","total_fee":"100","trade_type":"JSAPI","transaction_id":"4200000356201909036408682755"}
[2019-09-03 09:36:01] /api/mobile/api/payment/wxminipay/notify_url.php ( w=payment&t=notify ) 
ERR: ===notifyWt=5====internalSn===230620817708071013_r----{"appid":"wx913c5f6d1a789dc1","attach":"r","bank_type":"CCB_DEBIT","cash_fee":"100","fee_type":"CNY","is_subscribe":"N","mch_id":"1347652401","nonce_str":"987442457880b1bf1ca792f2abf5d510","openid":"odKIv5b6HKuksGmdZt5ZeYsx-c_c","out_trade_no":"230620817708071013","result_code":"SUCCESS","return_code":"SUCCESS","sign":"FCC673169AFAB52DA84E1304EC96490F","time_end":"20190903092155","total_fee":"100","trade_type":"JSAPI","transaction_id":"4200000356201909036408682755"}
[2019-09-03 09:36:01] /api/mobile/api/payment/wxminipay/notify_url.php ( w=payment&t=notify ) 
ERR: ===out_trade_no==230620817708071013_r
[2019-09-03 09:36:01] /api/mobile/api/payment/wxminipay/notify_url.php ( w=payment&t=notify ) 
ERR: ===getRealOrderInfo=={"pay_sn":"230620817708071013"}
[2019-09-03 09:36:01] /api/mobile/api/payment/wxminipay/notify_url.php ( w=payment&t=notify ) 
ERR: ===r5555=={"state":true,"msg":"","data":{"subject":"\u5b9e\u7269\u8ba2\u5355_","order_type":"real_order","order_list":[{"order_id":"105","order_sn":"230620817708071013","pay_sn":"230620817708071013","store_id":"9","store_name":"\u5c0f\u6613\u5171\u4eab\u5e73\u53f0","buyer_id":"100013","buyer_name":"100013","add_time":"1567473708","payment_code":"wxminipay","payment_time":"1567473717","finnshed_time":"0","order_amount":"1.00","rcb_amount":"0.00","pd_amount":"0.00","points_money":"0.00","points_number":"0","evaluation_state":"0","evaluation_again_state":"0","order_state":"20","lock_state":"0","delete_state":"0","delay_time":"0","order_from":"1","order_type":"1","api_pay_time":"0","rpt_amount":"0.00","trade_no":"4200000356201909036408682755","voucher_price":"0.00","voucher_code":"","promotion_info":"","commis_rate":"10","member_invite_momey":"0.010","store_invite_momey":"0.010","cost_momey":"0.050","cost_points":"0","invite_info":"{\"commis_rate\":10,\"commis_rate_invstore\":10,\"commis_rate_invmember\":10,\"commis_rate_system\":30,\"commis_rate_points\":50,\"commis_rate_sys\":0.02}","sys_commis_momey":"0.050","seller_del":"0","seller_money":"0.900","agent_id":"1","goods_amount":"1.00","agent_commis_momey":"0.030"}],"if_buyer_repay":null}}
[2019-09-03 09:36:01] /api/mobile/api/payment/wxminipay/notify_url.php ( w=payment&t=notify ) 
ERR: ===rec_pay==[{"order_id":"105","order_sn":"230620817708071013","pay_sn":"230620817708071013","store_id":"9","store_name":"\u5c0f\u6613\u5171\u4eab\u5e73\u53f0","buyer_id":"100013","buyer_name":"100013","add_time":"1567473708","payment_code":"wxminipay","payment_time":"1567473717","finnshed_time":"0","order_amount":"1.00","rcb_amount":"0.00","pd_amount":"0.00","points_money":"0.00","points_number":"0","evaluation_state":"0","evaluation_again_state":"0","order_state":"20","lock_state":"0","delete_state":"0","delay_time":"0","order_from":"1","order_type":"1","api_pay_time":"0","rpt_amount":"0.00","trade_no":"4200000356201909036408682755","voucher_price":"0.00","voucher_code":"","promotion_info":"","commis_rate":"10","member_invite_momey":"0.010","store_invite_momey":"0.010","cost_momey":"0.050","cost_points":"0","invite_info":"{\"commis_rate\":10,\"commis_rate_invstore\":10,\"commis_rate_invmember\":10,\"commis_rate_system\":30,\"commis_rate_points\":50,\"commis_rate_sys\":0.02}","sys_commis_momey":"0.050","seller_del":"0","seller_money":"0.900","agent_id":"1","goods_amount":"1.00","agent_commis_momey":"0.030"}]
[2019-09-03 09:36:01] /api/mobile/api/payment/wxminipay/notify_url.php ( w=payment&t=notify ) 
ERR: ===rec_pay=22={"order_id":"105","order_sn":"230620817708071013","pay_sn":"230620817708071013","store_id":"9","store_name":"\u5c0f\u6613\u5171\u4eab\u5e73\u53f0","buyer_id":"100013","buyer_name":"100013","add_time":"1567473708","payment_code":"wxminipay","payment_time":"1567473717","finnshed_time":"0","order_amount":"1.00","rcb_amount":"0.00","pd_amount":"0.00","points_money":"0.00","points_number":"0","evaluation_state":"0","evaluation_again_state":"0","order_state":"20","lock_state":"0","delete_state":"0","delay_time":"0","order_from":"1","order_type":"1","api_pay_time":"0","rpt_amount":"0.00","trade_no":"4200000356201909036408682755","voucher_price":"0.00","voucher_code":"","promotion_info":"","commis_rate":"10","member_invite_momey":"0.010","store_invite_momey":"0.010","cost_momey":"0.050","cost_points":"0","invite_info":"{\"commis_rate\":10,\"commis_rate_invstore\":10,\"commis_rate_invmember\":10,\"commis_rate_system\":30,\"commis_rate_points\":50,\"commis_rate_sys\":0.02}","sys_commis_momey":"0.050","seller_del":"0","seller_money":"0.900","agent_id":"1","goods_amount":"1.00","agent_commis_momey":"0.030"}
[2019-09-03 09:56:02] /api/mobile/api/payment/wxminipay/notify_url.php ( w=payment&t=notify ) 
ERR: =======
[2019-09-03 09:56:02] /api/mobile/api/payment/wxminipay/notify_url.php ( w=payment&t=notify ) 
ERR: ===2====
[2019-09-03 09:56:02] /api/mobile/api/payment/wxminipay/notify_url.php ( w=payment&t=notify ) 
ERR: ===notifyWt=5====result==={"appid":"wx913c5f6d1a789dc1","attach":"r","bank_type":"CCB_DEBIT","cash_fee":"100","fee_type":"CNY","is_subscribe":"N","mch_id":"1347652401","nonce_str":"987442457880b1bf1ca792f2abf5d510","openid":"odKIv5b6HKuksGmdZt5ZeYsx-c_c","out_trade_no":"2306208177080710132953","result_code":"SUCCESS","return_code":"SUCCESS","sign":"FCC673169AFAB52DA84E1304EC96490F","time_end":"20190903092155","total_fee":"100","trade_type":"JSAPI","transaction_id":"4200000356201909036408682755"}
[2019-09-03 09:56:02] /api/mobile/api/payment/wxminipay/notify_url.php ( w=payment&t=notify ) 
ERR: ===notifyWt=5====internalSn===230620817708071013_r----{"appid":"wx913c5f6d1a789dc1","attach":"r","bank_type":"CCB_DEBIT","cash_fee":"100","fee_type":"CNY","is_subscribe":"N","mch_id":"1347652401","nonce_str":"987442457880b1bf1ca792f2abf5d510","openid":"odKIv5b6HKuksGmdZt5ZeYsx-c_c","out_trade_no":"230620817708071013","result_code":"SUCCESS","return_code":"SUCCESS","sign":"FCC673169AFAB52DA84E1304EC96490F","time_end":"20190903092155","total_fee":"100","trade_type":"JSAPI","transaction_id":"4200000356201909036408682755"}
[2019-09-03 09:56:02] /api/mobile/api/payment/wxminipay/notify_url.php ( w=payment&t=notify ) 
ERR: ===out_trade_no==230620817708071013_r
[2019-09-03 09:56:02] /api/mobile/api/payment/wxminipay/notify_url.php ( w=payment&t=notify ) 
ERR: ===getRealOrderInfo=={"pay_sn":"230620817708071013"}
[2019-09-03 09:56:02] /api/mobile/api/payment/wxminipay/notify_url.php ( w=payment&t=notify ) 
ERR: ===r5555=={"state":true,"msg":"","data":{"subject":"\u5b9e\u7269\u8ba2\u5355_","order_type":"real_order","order_list":[{"order_id":"105","order_sn":"230620817708071013","pay_sn":"230620817708071013","store_id":"9","store_name":"\u5c0f\u6613\u5171\u4eab\u5e73\u53f0","buyer_id":"100013","buyer_name":"100013","add_time":"1567473708","payment_code":"wxminipay","payment_time":"1567473717","finnshed_time":"0","order_amount":"1.00","rcb_amount":"0.00","pd_amount":"0.00","points_money":"0.00","points_number":"0","evaluation_state":"0","evaluation_again_state":"0","order_state":"20","lock_state":"0","delete_state":"0","delay_time":"0","order_from":"1","order_type":"1","api_pay_time":"0","rpt_amount":"0.00","trade_no":"4200000356201909036408682755","voucher_price":"0.00","voucher_code":"","promotion_info":"","commis_rate":"10","member_invite_momey":"0.010","store_invite_momey":"0.010","cost_momey":"0.050","cost_points":"0","invite_info":"{\"commis_rate\":10,\"commis_rate_invstore\":10,\"commis_rate_invmember\":10,\"commis_rate_system\":30,\"commis_rate_points\":50,\"commis_rate_sys\":0.02}","sys_commis_momey":"0.050","seller_del":"0","seller_money":"0.900","agent_id":"1","goods_amount":"1.00","agent_commis_momey":"0.030"}],"if_buyer_repay":null}}
[2019-09-03 09:56:02] /api/mobile/api/payment/wxminipay/notify_url.php ( w=payment&t=notify ) 
ERR: ===rec_pay==[{"order_id":"105","order_sn":"230620817708071013","pay_sn":"230620817708071013","store_id":"9","store_name":"\u5c0f\u6613\u5171\u4eab\u5e73\u53f0","buyer_id":"100013","buyer_name":"100013","add_time":"1567473708","payment_code":"wxminipay","payment_time":"1567473717","finnshed_time":"0","order_amount":"1.00","rcb_amount":"0.00","pd_amount":"0.00","points_money":"0.00","points_number":"0","evaluation_state":"0","evaluation_again_state":"0","order_state":"20","lock_state":"0","delete_state":"0","delay_time":"0","order_from":"1","order_type":"1","api_pay_time":"0","rpt_amount":"0.00","trade_no":"4200000356201909036408682755","voucher_price":"0.00","voucher_code":"","promotion_info":"","commis_rate":"10","member_invite_momey":"0.010","store_invite_momey":"0.010","cost_momey":"0.050","cost_points":"0","invite_info":"{\"commis_rate\":10,\"commis_rate_invstore\":10,\"commis_rate_invmember\":10,\"commis_rate_system\":30,\"commis_rate_points\":50,\"commis_rate_sys\":0.02}","sys_commis_momey":"0.050","seller_del":"0","seller_money":"0.900","agent_id":"1","goods_amount":"1.00","agent_commis_momey":"0.030"}]
[2019-09-03 09:56:02] /api/mobile/api/payment/wxminipay/notify_url.php ( w=payment&t=notify ) 
ERR: ===rec_pay=22={"order_id":"105","order_sn":"230620817708071013","pay_sn":"230620817708071013","store_id":"9","store_name":"\u5c0f\u6613\u5171\u4eab\u5e73\u53f0","buyer_id":"100013","buyer_name":"100013","add_time":"1567473708","payment_code":"wxminipay","payment_time":"1567473717","finnshed_time":"0","order_amount":"1.00","rcb_amount":"0.00","pd_amount":"0.00","points_money":"0.00","points_number":"0","evaluation_state":"0","evaluation_again_state":"0","order_state":"20","lock_state":"0","delete_state":"0","delay_time":"0","order_from":"1","order_type":"1","api_pay_time":"0","rpt_amount":"0.00","trade_no":"4200000356201909036408682755","voucher_price":"0.00","voucher_code":"","promotion_info":"","commis_rate":"10","member_invite_momey":"0.010","store_invite_momey":"0.010","cost_momey":"0.050","cost_points":"0","invite_info":"{\"commis_rate\":10,\"commis_rate_invstore\":10,\"commis_rate_invmember\":10,\"commis_rate_system\":30,\"commis_rate_points\":50,\"commis_rate_sys\":0.02}","sys_commis_momey":"0.050","seller_del":"0","seller_money":"0.900","agent_id":"1","goods_amount":"1.00","agent_commis_momey":"0.030"}
[2019-09-03 10:05:03] http://www.fhlego.com/api/mobile/index.php/index/pglist ( w=index&t=pglist ) 
ERR: Db Error: You have an error in your SQL syntax; check the manual that corresponds to your MySQL server version for the right syntax to use near '-8,8' at line 1
SELECT * FROM `shopwt_points_goods` WHERE ( pgoods_show = '1' ) AND ( pgoods_state = '0' ) AND ( pgoods_commend = '1' ) AND ( pgoods_endtime > '1567476303' ) AND ( city_id = '2107' ) ORDER BY pgoods_sort asc,pgoods_id desc LIMIT -8,8  
[2019-09-03 10:26:03] /api/mobile/api/payment/wxminipay/notify_url.php ( w=payment&t=notify ) 
ERR: =======
[2019-09-03 10:26:03] /api/mobile/api/payment/wxminipay/notify_url.php ( w=payment&t=notify ) 
ERR: ===2====
[2019-09-03 10:26:04] /api/mobile/api/payment/wxminipay/notify_url.php ( w=payment&t=notify ) 
ERR: ===notifyWt=5====result==={"appid":"wx913c5f6d1a789dc1","attach":"r","bank_type":"CCB_DEBIT","cash_fee":"100","fee_type":"CNY","is_subscribe":"N","mch_id":"1347652401","nonce_str":"987442457880b1bf1ca792f2abf5d510","openid":"odKIv5b6HKuksGmdZt5ZeYsx-c_c","out_trade_no":"2306208177080710132953","result_code":"SUCCESS","return_code":"SUCCESS","sign":"FCC673169AFAB52DA84E1304EC96490F","time_end":"20190903092155","total_fee":"100","trade_type":"JSAPI","transaction_id":"4200000356201909036408682755"}
[2019-09-03 10:26:04] /api/mobile/api/payment/wxminipay/notify_url.php ( w=payment&t=notify ) 
ERR: ===notifyWt=5====internalSn===230620817708071013_r----{"appid":"wx913c5f6d1a789dc1","attach":"r","bank_type":"CCB_DEBIT","cash_fee":"100","fee_type":"CNY","is_subscribe":"N","mch_id":"1347652401","nonce_str":"987442457880b1bf1ca792f2abf5d510","openid":"odKIv5b6HKuksGmdZt5ZeYsx-c_c","out_trade_no":"230620817708071013","result_code":"SUCCESS","return_code":"SUCCESS","sign":"FCC673169AFAB52DA84E1304EC96490F","time_end":"20190903092155","total_fee":"100","trade_type":"JSAPI","transaction_id":"4200000356201909036408682755"}
[2019-09-03 10:26:04] /api/mobile/api/payment/wxminipay/notify_url.php ( w=payment&t=notify ) 
ERR: ===out_trade_no==230620817708071013_r
[2019-09-03 10:26:04] /api/mobile/api/payment/wxminipay/notify_url.php ( w=payment&t=notify ) 
ERR: ===getRealOrderInfo=={"pay_sn":"230620817708071013"}
[2019-09-03 10:26:04] /api/mobile/api/payment/wxminipay/notify_url.php ( w=payment&t=notify ) 
ERR: ===r5555=={"state":true,"msg":"","data":{"subject":"\u5b9e\u7269\u8ba2\u5355_","order_type":"real_order","order_list":[{"order_id":"105","order_sn":"230620817708071013","pay_sn":"230620817708071013","store_id":"9","store_name":"\u5c0f\u6613\u5171\u4eab\u5e73\u53f0","buyer_id":"100013","buyer_name":"100013","add_time":"1567473708","payment_code":"wxminipay","payment_time":"1567473717","finnshed_time":"0","order_amount":"1.00","rcb_amount":"0.00","pd_amount":"0.00","points_money":"0.00","points_number":"0","evaluation_state":"0","evaluation_again_state":"0","order_state":"20","lock_state":"0","delete_state":"0","delay_time":"0","order_from":"1","order_type":"1","api_pay_time":"0","rpt_amount":"0.00","trade_no":"4200000356201909036408682755","voucher_price":"0.00","voucher_code":"","promotion_info":"","commis_rate":"10","member_invite_momey":"0.010","store_invite_momey":"0.010","cost_momey":"0.050","cost_points":"0","invite_info":"{\"commis_rate\":10,\"commis_rate_invstore\":10,\"commis_rate_invmember\":10,\"commis_rate_system\":30,\"commis_rate_points\":50,\"commis_rate_sys\":0.02}","sys_commis_momey":"0.050","seller_del":"0","seller_money":"0.900","agent_id":"1","goods_amount":"1.00","agent_commis_momey":"0.030"}],"if_buyer_repay":null}}
[2019-09-03 10:26:04] /api/mobile/api/payment/wxminipay/notify_url.php ( w=payment&t=notify ) 
ERR: ===rec_pay==[{"order_id":"105","order_sn":"230620817708071013","pay_sn":"230620817708071013","store_id":"9","store_name":"\u5c0f\u6613\u5171\u4eab\u5e73\u53f0","buyer_id":"100013","buyer_name":"100013","add_time":"1567473708","payment_code":"wxminipay","payment_time":"1567473717","finnshed_time":"0","order_amount":"1.00","rcb_amount":"0.00","pd_amount":"0.00","points_money":"0.00","points_number":"0","evaluation_state":"0","evaluation_again_state":"0","order_state":"20","lock_state":"0","delete_state":"0","delay_time":"0","order_from":"1","order_type":"1","api_pay_time":"0","rpt_amount":"0.00","trade_no":"4200000356201909036408682755","voucher_price":"0.00","voucher_code":"","promotion_info":"","commis_rate":"10","member_invite_momey":"0.010","store_invite_momey":"0.010","cost_momey":"0.050","cost_points":"0","invite_info":"{\"commis_rate\":10,\"commis_rate_invstore\":10,\"commis_rate_invmember\":10,\"commis_rate_system\":30,\"commis_rate_points\":50,\"commis_rate_sys\":0.02}","sys_commis_momey":"0.050","seller_del":"0","seller_money":"0.900","agent_id":"1","goods_amount":"1.00","agent_commis_momey":"0.030"}]
[2019-09-03 10:26:04] /api/mobile/api/payment/wxminipay/notify_url.php ( w=payment&t=notify ) 
ERR: ===rec_pay=22={"order_id":"105","order_sn":"230620817708071013","pay_sn":"230620817708071013","store_id":"9","store_name":"\u5c0f\u6613\u5171\u4eab\u5e73\u53f0","buyer_id":"100013","buyer_name":"100013","add_time":"1567473708","payment_code":"wxminipay","payment_time":"1567473717","finnshed_time":"0","order_amount":"1.00","rcb_amount":"0.00","pd_amount":"0.00","points_money":"0.00","points_number":"0","evaluation_state":"0","evaluation_again_state":"0","order_state":"20","lock_state":"0","delete_state":"0","delay_time":"0","order_from":"1","order_type":"1","api_pay_time":"0","rpt_amount":"0.00","trade_no":"4200000356201909036408682755","voucher_price":"0.00","voucher_code":"","promotion_info":"","commis_rate":"10","member_invite_momey":"0.010","store_invite_momey":"0.010","cost_momey":"0.050","cost_points":"0","invite_info":"{\"commis_rate\":10,\"commis_rate_invstore\":10,\"commis_rate_invmember\":10,\"commis_rate_system\":30,\"commis_rate_points\":50,\"commis_rate_sys\":0.02}","sys_commis_momey":"0.050","seller_del":"0","seller_money":"0.900","agent_id":"1","goods_amount":"1.00","agent_commis_momey":"0.030"}
[2019-09-03 10:56:05] /api/mobile/api/payment/wxminipay/notify_url.php ( w=payment&t=notify ) 
ERR: =======
[2019-09-03 10:56:05] /api/mobile/api/payment/wxminipay/notify_url.php ( w=payment&t=notify ) 
ERR: ===2====
[2019-09-03 10:56:05] /api/mobile/api/payment/wxminipay/notify_url.php ( w=payment&t=notify ) 
ERR: ===notifyWt=5====result==={"appid":"wx913c5f6d1a789dc1","attach":"r","bank_type":"CCB_DEBIT","cash_fee":"100","fee_type":"CNY","is_subscribe":"N","mch_id":"1347652401","nonce_str":"987442457880b1bf1ca792f2abf5d510","openid":"odKIv5b6HKuksGmdZt5ZeYsx-c_c","out_trade_no":"2306208177080710132953","result_code":"SUCCESS","return_code":"SUCCESS","sign":"FCC673169AFAB52DA84E1304EC96490F","time_end":"20190903092155","total_fee":"100","trade_type":"JSAPI","transaction_id":"4200000356201909036408682755"}
[2019-09-03 10:56:05] /api/mobile/api/payment/wxminipay/notify_url.php ( w=payment&t=notify ) 
ERR: ===notifyWt=5====internalSn===230620817708071013_r----{"appid":"wx913c5f6d1a789dc1","attach":"r","bank_type":"CCB_DEBIT","cash_fee":"100","fee_type":"CNY","is_subscribe":"N","mch_id":"1347652401","nonce_str":"987442457880b1bf1ca792f2abf5d510","openid":"odKIv5b6HKuksGmdZt5ZeYsx-c_c","out_trade_no":"230620817708071013","result_code":"SUCCESS","return_code":"SUCCESS","sign":"FCC673169AFAB52DA84E1304EC96490F","time_end":"20190903092155","total_fee":"100","trade_type":"JSAPI","transaction_id":"4200000356201909036408682755"}
[2019-09-03 10:56:05] /api/mobile/api/payment/wxminipay/notify_url.php ( w=payment&t=notify ) 
ERR: ===out_trade_no==230620817708071013_r
[2019-09-03 10:56:05] /api/mobile/api/payment/wxminipay/notify_url.php ( w=payment&t=notify ) 
ERR: ===getRealOrderInfo=={"pay_sn":"230620817708071013"}
[2019-09-03 10:56:05] /api/mobile/api/payment/wxminipay/notify_url.php ( w=payment&t=notify ) 
ERR: ===r5555=={"state":true,"msg":"","data":{"subject":"\u5b9e\u7269\u8ba2\u5355_","order_type":"real_order","order_list":[{"order_id":"105","order_sn":"230620817708071013","pay_sn":"230620817708071013","store_id":"9","store_name":"\u5c0f\u6613\u5171\u4eab\u5e73\u53f0","buyer_id":"100013","buyer_name":"100013","add_time":"1567473708","payment_code":"wxminipay","payment_time":"1567473717","finnshed_time":"0","order_amount":"1.00","rcb_amount":"0.00","pd_amount":"0.00","points_money":"0.00","points_number":"0","evaluation_state":"0","evaluation_again_state":"0","order_state":"20","lock_state":"0","delete_state":"0","delay_time":"0","order_from":"1","order_type":"1","api_pay_time":"0","rpt_amount":"0.00","trade_no":"4200000356201909036408682755","voucher_price":"0.00","voucher_code":"","promotion_info":"","commis_rate":"10","member_invite_momey":"0.010","store_invite_momey":"0.010","cost_momey":"0.050","cost_points":"0","invite_info":"{\"commis_rate\":10,\"commis_rate_invstore\":10,\"commis_rate_invmember\":10,\"commis_rate_system\":30,\"commis_rate_points\":50,\"commis_rate_sys\":0.02}","sys_commis_momey":"0.050","seller_del":"0","seller_money":"0.900","agent_id":"1","goods_amount":"1.00","agent_commis_momey":"0.030"}],"if_buyer_repay":null}}
[2019-09-03 10:56:05] /api/mobile/api/payment/wxminipay/notify_url.php ( w=payment&t=notify ) 
ERR: ===rec_pay==[{"order_id":"105","order_sn":"230620817708071013","pay_sn":"230620817708071013","store_id":"9","store_name":"\u5c0f\u6613\u5171\u4eab\u5e73\u53f0","buyer_id":"100013","buyer_name":"100013","add_time":"1567473708","payment_code":"wxminipay","payment_time":"1567473717","finnshed_time":"0","order_amount":"1.00","rcb_amount":"0.00","pd_amount":"0.00","points_money":"0.00","points_number":"0","evaluation_state":"0","evaluation_again_state":"0","order_state":"20","lock_state":"0","delete_state":"0","delay_time":"0","order_from":"1","order_type":"1","api_pay_time":"0","rpt_amount":"0.00","trade_no":"4200000356201909036408682755","voucher_price":"0.00","voucher_code":"","promotion_info":"","commis_rate":"10","member_invite_momey":"0.010","store_invite_momey":"0.010","cost_momey":"0.050","cost_points":"0","invite_info":"{\"commis_rate\":10,\"commis_rate_invstore\":10,\"commis_rate_invmember\":10,\"commis_rate_system\":30,\"commis_rate_points\":50,\"commis_rate_sys\":0.02}","sys_commis_momey":"0.050","seller_del":"0","seller_money":"0.900","agent_id":"1","goods_amount":"1.00","agent_commis_momey":"0.030"}]
[2019-09-03 10:56:05] /api/mobile/api/payment/wxminipay/notify_url.php ( w=payment&t=notify ) 
ERR: ===rec_pay=22={"order_id":"105","order_sn":"230620817708071013","pay_sn":"230620817708071013","store_id":"9","store_name":"\u5c0f\u6613\u5171\u4eab\u5e73\u53f0","buyer_id":"100013","buyer_name":"100013","add_time":"1567473708","payment_code":"wxminipay","payment_time":"1567473717","finnshed_time":"0","order_amount":"1.00","rcb_amount":"0.00","pd_amount":"0.00","points_money":"0.00","points_number":"0","evaluation_state":"0","evaluation_again_state":"0","order_state":"20","lock_state":"0","delete_state":"0","delay_time":"0","order_from":"1","order_type":"1","api_pay_time":"0","rpt_amount":"0.00","trade_no":"4200000356201909036408682755","voucher_price":"0.00","voucher_code":"","promotion_info":"","commis_rate":"10","member_invite_momey":"0.010","store_invite_momey":"0.010","cost_momey":"0.050","cost_points":"0","invite_info":"{\"commis_rate\":10,\"commis_rate_invstore\":10,\"commis_rate_invmember\":10,\"commis_rate_system\":30,\"commis_rate_points\":50,\"commis_rate_sys\":0.02}","sys_commis_momey":"0.050","seller_del":"0","seller_money":"0.900","agent_id":"1","goods_amount":"1.00","agent_commis_momey":"0.030"}
[2019-09-03 11:25:47] /api/mobile/api/payment/wxminipay/notify_url.php ( w=payment&t=notify ) 
ERR: =======
[2019-09-03 11:25:47] /api/mobile/api/payment/wxminipay/notify_url.php ( w=payment&t=notify ) 
ERR: ===2====
[2019-09-03 11:25:47] /api/mobile/api/payment/wxminipay/notify_url.php ( w=payment&t=notify ) 
ERR: ===notifyWt=5====result==={"appid":"wx913c5f6d1a789dc1","attach":"r","bank_type":"CCB_DEBIT","cash_fee":"1000","fee_type":"CNY","is_subscribe":"N","mch_id":"1347652401","nonce_str":"a5b3d0531f08db37aab91f0adc066166","openid":"odKIv5b6HKuksGmdZt5ZeYsx-c_c","out_trade_no":"5106207402768900131889","result_code":"SUCCESS","return_code":"SUCCESS","sign":"8B28CB64BF7A7835ABED9605B84B4D5C","time_end":"20190902115127","total_fee":"1000","trade_type":"JSAPI","transaction_id":"4200000344201909021022123997"}
[2019-09-03 11:25:47] /api/mobile/api/payment/wxminipay/notify_url.php ( w=payment&t=notify ) 
ERR: ===notifyWt=5====internalSn===510620740276890013_r----{"appid":"wx913c5f6d1a789dc1","attach":"r","bank_type":"CCB_DEBIT","cash_fee":"1000","fee_type":"CNY","is_subscribe":"N","mch_id":"1347652401","nonce_str":"a5b3d0531f08db37aab91f0adc066166","openid":"odKIv5b6HKuksGmdZt5ZeYsx-c_c","out_trade_no":"510620740276890013","result_code":"SUCCESS","return_code":"SUCCESS","sign":"8B28CB64BF7A7835ABED9605B84B4D5C","time_end":"20190902115127","total_fee":"1000","trade_type":"JSAPI","transaction_id":"4200000344201909021022123997"}
[2019-09-03 11:25:47] /api/mobile/api/payment/wxminipay/notify_url.php ( w=payment&t=notify ) 
ERR: ===out_trade_no==510620740276890013_r
[2019-09-03 11:25:47] /api/mobile/api/payment/wxminipay/notify_url.php ( w=payment&t=notify ) 
ERR: ===getRealOrderInfo=={"pay_sn":"510620740276890013"}
[2019-09-03 11:25:47] /api/mobile/api/payment/wxminipay/notify_url.php ( w=payment&t=notify ) 
ERR: ===r5555=={"state":true,"msg":"","data":{"subject":"\u5b9e\u7269\u8ba2\u5355_","order_type":"real_order","order_list":[{"order_id":"104","order_sn":"510620740276890013","pay_sn":"510620740276890013","store_id":"9","store_name":"\u5c0f\u6613\u5171\u4eab\u5e73\u53f0","buyer_id":"100013","buyer_name":"100013","add_time":"1567396276","payment_code":"wxminipay","payment_time":"1567396285","finnshed_time":"0","order_amount":"10.00","rcb_amount":"0.00","pd_amount":"0.00","points_money":"0.00","points_number":"0","evaluation_state":"0","evaluation_again_state":"0","order_state":"20","lock_state":"0","delete_state":"0","delay_time":"0","order_from":"1","order_type":"1","api_pay_time":"0","rpt_amount":"0.00","trade_no":"4200000344201909021022123997","voucher_price":"0.00","voucher_code":"","promotion_info":"","commis_rate":"10","member_invite_momey":"0.000","store_invite_momey":"0.000","cost_momey":"0.000","cost_points":"0","invite_info":"{\"commis_rate\":10,\"commis_rate_invstore\":10,\"commis_rate_invmember\":10,\"commis_rate_system\":30,\"commis_rate_points\":50,\"commis_rate_sys\":0.02}","sys_commis_momey":"0.000","seller_del":"0","seller_money":"0.000","agent_id":"1","goods_amount":"10.00","agent_commis_momey":"0.000"}],"if_buyer_repay":null}}
[2019-09-03 11:25:47] /api/mobile/api/payment/wxminipay/notify_url.php ( w=payment&t=notify ) 
ERR: ===rec_pay==[{"order_id":"104","order_sn":"510620740276890013","pay_sn":"510620740276890013","store_id":"9","store_name":"\u5c0f\u6613\u5171\u4eab\u5e73\u53f0","buyer_id":"100013","buyer_name":"100013","add_time":"1567396276","payment_code":"wxminipay","payment_time":"1567396285","finnshed_time":"0","order_amount":"10.00","rcb_amount":"0.00","pd_amount":"0.00","points_money":"0.00","points_number":"0","evaluation_state":"0","evaluation_again_state":"0","order_state":"20","lock_state":"0","delete_state":"0","delay_time":"0","order_from":"1","order_type":"1","api_pay_time":"0","rpt_amount":"0.00","trade_no":"4200000344201909021022123997","voucher_price":"0.00","voucher_code":"","promotion_info":"","commis_rate":"10","member_invite_momey":"0.000","store_invite_momey":"0.000","cost_momey":"0.000","cost_points":"0","invite_info":"{\"commis_rate\":10,\"commis_rate_invstore\":10,\"commis_rate_invmember\":10,\"commis_rate_system\":30,\"commis_rate_points\":50,\"commis_rate_sys\":0.02}","sys_commis_momey":"0.000","seller_del":"0","seller_money":"0.000","agent_id":"1","goods_amount":"10.00","agent_commis_momey":"0.000"}]
[2019-09-03 11:25:47] /api/mobile/api/payment/wxminipay/notify_url.php ( w=payment&t=notify ) 
ERR: ===rec_pay=22={"order_id":"104","order_sn":"510620740276890013","pay_sn":"510620740276890013","store_id":"9","store_name":"\u5c0f\u6613\u5171\u4eab\u5e73\u53f0","buyer_id":"100013","buyer_name":"100013","add_time":"1567396276","payment_code":"wxminipay","payment_time":"1567396285","finnshed_time":"0","order_amount":"10.00","rcb_amount":"0.00","pd_amount":"0.00","points_money":"0.00","points_number":"0","evaluation_state":"0","evaluation_again_state":"0","order_state":"20","lock_state":"0","delete_state":"0","delay_time":"0","order_from":"1","order_type":"1","api_pay_time":"0","rpt_amount":"0.00","trade_no":"4200000344201909021022123997","voucher_price":"0.00","voucher_code":"","promotion_info":"","commis_rate":"10","member_invite_momey":"0.000","store_invite_momey":"0.000","cost_momey":"0.000","cost_points":"0","invite_info":"{\"commis_rate\":10,\"commis_rate_invstore\":10,\"commis_rate_invmember\":10,\"commis_rate_system\":30,\"commis_rate_points\":50,\"commis_rate_sys\":0.02}","sys_commis_momey":"0.000","seller_del":"0","seller_money":"0.000","agent_id":"1","goods_amount":"10.00","agent_commis_momey":"0.000"}
[2019-09-03 11:56:07] /api/mobile/api/payment/wxminipay/notify_url.php ( w=payment&t=notify ) 
ERR: =======
[2019-09-03 11:56:07] /api/mobile/api/payment/wxminipay/notify_url.php ( w=payment&t=notify ) 
ERR: ===2====
[2019-09-03 11:56:07] /api/mobile/api/payment/wxminipay/notify_url.php ( w=payment&t=notify ) 
ERR: ===notifyWt=5====result==={"appid":"wx913c5f6d1a789dc1","attach":"r","bank_type":"CCB_DEBIT","cash_fee":"100","fee_type":"CNY","is_subscribe":"N","mch_id":"1347652401","nonce_str":"987442457880b1bf1ca792f2abf5d510","openid":"odKIv5b6HKuksGmdZt5ZeYsx-c_c","out_trade_no":"2306208177080710132953","result_code":"SUCCESS","return_code":"SUCCESS","sign":"FCC673169AFAB52DA84E1304EC96490F","time_end":"20190903092155","total_fee":"100","trade_type":"JSAPI","transaction_id":"4200000356201909036408682755"}
[2019-09-03 11:56:07] /api/mobile/api/payment/wxminipay/notify_url.php ( w=payment&t=notify ) 
ERR: ===notifyWt=5====internalSn===230620817708071013_r----{"appid":"wx913c5f6d1a789dc1","attach":"r","bank_type":"CCB_DEBIT","cash_fee":"100","fee_type":"CNY","is_subscribe":"N","mch_id":"1347652401","nonce_str":"987442457880b1bf1ca792f2abf5d510","openid":"odKIv5b6HKuksGmdZt5ZeYsx-c_c","out_trade_no":"230620817708071013","result_code":"SUCCESS","return_code":"SUCCESS","sign":"FCC673169AFAB52DA84E1304EC96490F","time_end":"20190903092155","total_fee":"100","trade_type":"JSAPI","transaction_id":"4200000356201909036408682755"}
[2019-09-03 11:56:07] /api/mobile/api/payment/wxminipay/notify_url.php ( w=payment&t=notify ) 
ERR: ===out_trade_no==230620817708071013_r
[2019-09-03 11:56:07] /api/mobile/api/payment/wxminipay/notify_url.php ( w=payment&t=notify ) 
ERR: ===getRealOrderInfo=={"pay_sn":"230620817708071013"}
[2019-09-03 11:56:07] /api/mobile/api/payment/wxminipay/notify_url.php ( w=payment&t=notify ) 
ERR: ===r5555=={"state":true,"msg":"","data":{"subject":"\u5b9e\u7269\u8ba2\u5355_","order_type":"real_order","order_list":[{"order_id":"105","order_sn":"230620817708071013","pay_sn":"230620817708071013","store_id":"9","store_name":"\u5c0f\u6613\u5171\u4eab\u5e73\u53f0","buyer_id":"100013","buyer_name":"100013","add_time":"1567473708","payment_code":"wxminipay","payment_time":"1567473717","finnshed_time":"0","order_amount":"1.00","rcb_amount":"0.00","pd_amount":"0.00","points_money":"0.00","points_number":"0","evaluation_state":"0","evaluation_again_state":"0","order_state":"20","lock_state":"0","delete_state":"0","delay_time":"0","order_from":"1","order_type":"1","api_pay_time":"0","rpt_amount":"0.00","trade_no":"4200000356201909036408682755","voucher_price":"0.00","voucher_code":"","promotion_info":"","commis_rate":"10","member_invite_momey":"0.010","store_invite_momey":"0.010","cost_momey":"0.050","cost_points":"0","invite_info":"{\"commis_rate\":10,\"commis_rate_invstore\":10,\"commis_rate_invmember\":10,\"commis_rate_system\":30,\"commis_rate_points\":50,\"commis_rate_sys\":0.02}","sys_commis_momey":"0.050","seller_del":"0","seller_money":"0.900","agent_id":"1","goods_amount":"1.00","agent_commis_momey":"0.030"}],"if_buyer_repay":null}}
[2019-09-03 11:56:07] /api/mobile/api/payment/wxminipay/notify_url.php ( w=payment&t=notify ) 
ERR: ===rec_pay==[{"order_id":"105","order_sn":"230620817708071013","pay_sn":"230620817708071013","store_id":"9","store_name":"\u5c0f\u6613\u5171\u4eab\u5e73\u53f0","buyer_id":"100013","buyer_name":"100013","add_time":"1567473708","payment_code":"wxminipay","payment_time":"1567473717","finnshed_time":"0","order_amount":"1.00","rcb_amount":"0.00","pd_amount":"0.00","points_money":"0.00","points_number":"0","evaluation_state":"0","evaluation_again_state":"0","order_state":"20","lock_state":"0","delete_state":"0","delay_time":"0","order_from":"1","order_type":"1","api_pay_time":"0","rpt_amount":"0.00","trade_no":"4200000356201909036408682755","voucher_price":"0.00","voucher_code":"","promotion_info":"","commis_rate":"10","member_invite_momey":"0.010","store_invite_momey":"0.010","cost_momey":"0.050","cost_points":"0","invite_info":"{\"commis_rate\":10,\"commis_rate_invstore\":10,\"commis_rate_invmember\":10,\"commis_rate_system\":30,\"commis_rate_points\":50,\"commis_rate_sys\":0.02}","sys_commis_momey":"0.050","seller_del":"0","seller_money":"0.900","agent_id":"1","goods_amount":"1.00","agent_commis_momey":"0.030"}]
[2019-09-03 11:56:07] /api/mobile/api/payment/wxminipay/notify_url.php ( w=payment&t=notify ) 
ERR: ===rec_pay=22={"order_id":"105","order_sn":"230620817708071013","pay_sn":"230620817708071013","store_id":"9","store_name":"\u5c0f\u6613\u5171\u4eab\u5e73\u53f0","buyer_id":"100013","buyer_name":"100013","add_time":"1567473708","payment_code":"wxminipay","payment_time":"1567473717","finnshed_time":"0","order_amount":"1.00","rcb_amount":"0.00","pd_amount":"0.00","points_money":"0.00","points_number":"0","evaluation_state":"0","evaluation_again_state":"0","order_state":"20","lock_state":"0","delete_state":"0","delay_time":"0","order_from":"1","order_type":"1","api_pay_time":"0","rpt_amount":"0.00","trade_no":"4200000356201909036408682755","voucher_price":"0.00","voucher_code":"","promotion_info":"","commis_rate":"10","member_invite_momey":"0.010","store_invite_momey":"0.010","cost_momey":"0.050","cost_points":"0","invite_info":"{\"commis_rate\":10,\"commis_rate_invstore\":10,\"commis_rate_invmember\":10,\"commis_rate_system\":30,\"commis_rate_points\":50,\"commis_rate_sys\":0.02}","sys_commis_momey":"0.050","seller_del":"0","seller_money":"0.900","agent_id":"1","goods_amount":"1.00","agent_commis_momey":"0.030"}
[2019-09-03 14:56:08] /api/mobile/api/payment/wxminipay/notify_url.php ( w=payment&t=notify ) 
ERR: =======
[2019-09-03 14:56:08] /api/mobile/api/payment/wxminipay/notify_url.php ( w=payment&t=notify ) 
ERR: ===2====
[2019-09-03 14:56:08] /api/mobile/api/payment/wxminipay/notify_url.php ( w=payment&t=notify ) 
ERR: ===notifyWt=5====result==={"appid":"wx913c5f6d1a789dc1","attach":"r","bank_type":"CCB_DEBIT","cash_fee":"100","fee_type":"CNY","is_subscribe":"N","mch_id":"1347652401","nonce_str":"987442457880b1bf1ca792f2abf5d510","openid":"odKIv5b6HKuksGmdZt5ZeYsx-c_c","out_trade_no":"2306208177080710132953","result_code":"SUCCESS","return_code":"SUCCESS","sign":"FCC673169AFAB52DA84E1304EC96490F","time_end":"20190903092155","total_fee":"100","trade_type":"JSAPI","transaction_id":"4200000356201909036408682755"}
[2019-09-03 14:56:08] /api/mobile/api/payment/wxminipay/notify_url.php ( w=payment&t=notify ) 
ERR: ===notifyWt=5====internalSn===230620817708071013_r----{"appid":"wx913c5f6d1a789dc1","attach":"r","bank_type":"CCB_DEBIT","cash_fee":"100","fee_type":"CNY","is_subscribe":"N","mch_id":"1347652401","nonce_str":"987442457880b1bf1ca792f2abf5d510","openid":"odKIv5b6HKuksGmdZt5ZeYsx-c_c","out_trade_no":"230620817708071013","result_code":"SUCCESS","return_code":"SUCCESS","sign":"FCC673169AFAB52DA84E1304EC96490F","time_end":"20190903092155","total_fee":"100","trade_type":"JSAPI","transaction_id":"4200000356201909036408682755"}
[2019-09-03 14:56:08] /api/mobile/api/payment/wxminipay/notify_url.php ( w=payment&t=notify ) 
ERR: ===out_trade_no==230620817708071013_r
[2019-09-03 14:56:08] /api/mobile/api/payment/wxminipay/notify_url.php ( w=payment&t=notify ) 
ERR: ===getRealOrderInfo=={"pay_sn":"230620817708071013"}
[2019-09-03 14:56:08] /api/mobile/api/payment/wxminipay/notify_url.php ( w=payment&t=notify ) 
ERR: ===r5555=={"state":true,"msg":"","data":{"subject":"\u5b9e\u7269\u8ba2\u5355_","order_type":"real_order","order_list":[{"order_id":"105","order_sn":"230620817708071013","pay_sn":"230620817708071013","store_id":"9","store_name":"\u5c0f\u6613\u5171\u4eab\u5e73\u53f0","buyer_id":"100013","buyer_name":"100013","add_time":"1567473708","payment_code":"wxminipay","payment_time":"1567473717","finnshed_time":"0","order_amount":"1.00","rcb_amount":"0.00","pd_amount":"0.00","points_money":"0.00","points_number":"0","evaluation_state":"0","evaluation_again_state":"0","order_state":"20","lock_state":"0","delete_state":"0","delay_time":"0","order_from":"1","order_type":"1","api_pay_time":"0","rpt_amount":"0.00","trade_no":"4200000356201909036408682755","voucher_price":"0.00","voucher_code":"","promotion_info":"","commis_rate":"10","member_invite_momey":"0.010","store_invite_momey":"0.010","cost_momey":"0.050","cost_points":"0","invite_info":"{\"commis_rate\":10,\"commis_rate_invstore\":10,\"commis_rate_invmember\":10,\"commis_rate_system\":30,\"commis_rate_points\":50,\"commis_rate_sys\":0.02}","sys_commis_momey":"0.050","seller_del":"0","seller_money":"0.900","agent_id":"1","goods_amount":"1.00","agent_commis_momey":"0.030"}],"if_buyer_repay":null}}
[2019-09-03 14:56:08] /api/mobile/api/payment/wxminipay/notify_url.php ( w=payment&t=notify ) 
ERR: ===rec_pay==[{"order_id":"105","order_sn":"230620817708071013","pay_sn":"230620817708071013","store_id":"9","store_name":"\u5c0f\u6613\u5171\u4eab\u5e73\u53f0","buyer_id":"100013","buyer_name":"100013","add_time":"1567473708","payment_code":"wxminipay","payment_time":"1567473717","finnshed_time":"0","order_amount":"1.00","rcb_amount":"0.00","pd_amount":"0.00","points_money":"0.00","points_number":"0","evaluation_state":"0","evaluation_again_state":"0","order_state":"20","lock_state":"0","delete_state":"0","delay_time":"0","order_from":"1","order_type":"1","api_pay_time":"0","rpt_amount":"0.00","trade_no":"4200000356201909036408682755","voucher_price":"0.00","voucher_code":"","promotion_info":"","commis_rate":"10","member_invite_momey":"0.010","store_invite_momey":"0.010","cost_momey":"0.050","cost_points":"0","invite_info":"{\"commis_rate\":10,\"commis_rate_invstore\":10,\"commis_rate_invmember\":10,\"commis_rate_system\":30,\"commis_rate_points\":50,\"commis_rate_sys\":0.02}","sys_commis_momey":"0.050","seller_del":"0","seller_money":"0.900","agent_id":"1","goods_amount":"1.00","agent_commis_momey":"0.030"}]
[2019-09-03 14:56:08] /api/mobile/api/payment/wxminipay/notify_url.php ( w=payment&t=notify ) 
ERR: ===rec_pay=22={"order_id":"105","order_sn":"230620817708071013","pay_sn":"230620817708071013","store_id":"9","store_name":"\u5c0f\u6613\u5171\u4eab\u5e73\u53f0","buyer_id":"100013","buyer_name":"100013","add_time":"1567473708","payment_code":"wxminipay","payment_time":"1567473717","finnshed_time":"0","order_amount":"1.00","rcb_amount":"0.00","pd_amount":"0.00","points_money":"0.00","points_number":"0","evaluation_state":"0","evaluation_again_state":"0","order_state":"20","lock_state":"0","delete_state":"0","delay_time":"0","order_from":"1","order_type":"1","api_pay_time":"0","rpt_amount":"0.00","trade_no":"4200000356201909036408682755","voucher_price":"0.00","voucher_code":"","promotion_info":"","commis_rate":"10","member_invite_momey":"0.010","store_invite_momey":"0.010","cost_momey":"0.050","cost_points":"0","invite_info":"{\"commis_rate\":10,\"commis_rate_invstore\":10,\"commis_rate_invmember\":10,\"commis_rate_system\":30,\"commis_rate_points\":50,\"commis_rate_sys\":0.02}","sys_commis_momey":"0.050","seller_del":"0","seller_money":"0.900","agent_id":"1","goods_amount":"1.00","agent_commis_momey":"0.030"}
[2019-09-03 17:56:10] /api/mobile/api/payment/wxminipay/notify_url.php ( w=payment&t=notify ) 
ERR: =======
[2019-09-03 17:56:10] /api/mobile/api/payment/wxminipay/notify_url.php ( w=payment&t=notify ) 
ERR: ===2====
[2019-09-03 17:56:10] /api/mobile/api/payment/wxminipay/notify_url.php ( w=payment&t=notify ) 
ERR: ===notifyWt=5====result==={"appid":"wx913c5f6d1a789dc1","attach":"r","bank_type":"CCB_DEBIT","cash_fee":"100","fee_type":"CNY","is_subscribe":"N","mch_id":"1347652401","nonce_str":"987442457880b1bf1ca792f2abf5d510","openid":"odKIv5b6HKuksGmdZt5ZeYsx-c_c","out_trade_no":"2306208177080710132953","result_code":"SUCCESS","return_code":"SUCCESS","sign":"FCC673169AFAB52DA84E1304EC96490F","time_end":"20190903092155","total_fee":"100","trade_type":"JSAPI","transaction_id":"4200000356201909036408682755"}
[2019-09-03 17:56:10] /api/mobile/api/payment/wxminipay/notify_url.php ( w=payment&t=notify ) 
ERR: ===notifyWt=5====internalSn===230620817708071013_r----{"appid":"wx913c5f6d1a789dc1","attach":"r","bank_type":"CCB_DEBIT","cash_fee":"100","fee_type":"CNY","is_subscribe":"N","mch_id":"1347652401","nonce_str":"987442457880b1bf1ca792f2abf5d510","openid":"odKIv5b6HKuksGmdZt5ZeYsx-c_c","out_trade_no":"230620817708071013","result_code":"SUCCESS","return_code":"SUCCESS","sign":"FCC673169AFAB52DA84E1304EC96490F","time_end":"20190903092155","total_fee":"100","trade_type":"JSAPI","transaction_id":"4200000356201909036408682755"}
[2019-09-03 17:56:10] /api/mobile/api/payment/wxminipay/notify_url.php ( w=payment&t=notify ) 
ERR: ===out_trade_no==230620817708071013_r
[2019-09-03 17:56:10] /api/mobile/api/payment/wxminipay/notify_url.php ( w=payment&t=notify ) 
ERR: ===getRealOrderInfo=={"pay_sn":"230620817708071013"}
[2019-09-03 17:56:10] /api/mobile/api/payment/wxminipay/notify_url.php ( w=payment&t=notify ) 
ERR: ===r5555=={"state":true,"msg":"","data":{"subject":"\u5b9e\u7269\u8ba2\u5355_","order_type":"real_order","order_list":[{"order_id":"105","order_sn":"230620817708071013","pay_sn":"230620817708071013","store_id":"9","store_name":"\u5c0f\u6613\u5171\u4eab\u5e73\u53f0","buyer_id":"100013","buyer_name":"100013","add_time":"1567473708","payment_code":"wxminipay","payment_time":"1567473717","finnshed_time":"0","order_amount":"1.00","rcb_amount":"0.00","pd_amount":"0.00","points_money":"0.00","points_number":"0","evaluation_state":"0","evaluation_again_state":"0","order_state":"20","lock_state":"0","delete_state":"0","delay_time":"0","order_from":"1","order_type":"1","api_pay_time":"0","rpt_amount":"0.00","trade_no":"4200000356201909036408682755","voucher_price":"0.00","voucher_code":"","promotion_info":"","commis_rate":"10","member_invite_momey":"0.010","store_invite_momey":"0.010","cost_momey":"0.050","cost_points":"0","invite_info":"{\"commis_rate\":10,\"commis_rate_invstore\":10,\"commis_rate_invmember\":10,\"commis_rate_system\":30,\"commis_rate_points\":50,\"commis_rate_sys\":0.02}","sys_commis_momey":"0.050","seller_del":"0","seller_money":"0.900","agent_id":"1","goods_amount":"1.00","agent_commis_momey":"0.030"}],"if_buyer_repay":null}}
[2019-09-03 17:56:10] /api/mobile/api/payment/wxminipay/notify_url.php ( w=payment&t=notify ) 
ERR: ===rec_pay==[{"order_id":"105","order_sn":"230620817708071013","pay_sn":"230620817708071013","store_id":"9","store_name":"\u5c0f\u6613\u5171\u4eab\u5e73\u53f0","buyer_id":"100013","buyer_name":"100013","add_time":"1567473708","payment_code":"wxminipay","payment_time":"1567473717","finnshed_time":"0","order_amount":"1.00","rcb_amount":"0.00","pd_amount":"0.00","points_money":"0.00","points_number":"0","evaluation_state":"0","evaluation_again_state":"0","order_state":"20","lock_state":"0","delete_state":"0","delay_time":"0","order_from":"1","order_type":"1","api_pay_time":"0","rpt_amount":"0.00","trade_no":"4200000356201909036408682755","voucher_price":"0.00","voucher_code":"","promotion_info":"","commis_rate":"10","member_invite_momey":"0.010","store_invite_momey":"0.010","cost_momey":"0.050","cost_points":"0","invite_info":"{\"commis_rate\":10,\"commis_rate_invstore\":10,\"commis_rate_invmember\":10,\"commis_rate_system\":30,\"commis_rate_points\":50,\"commis_rate_sys\":0.02}","sys_commis_momey":"0.050","seller_del":"0","seller_money":"0.900","agent_id":"1","goods_amount":"1.00","agent_commis_momey":"0.030"}]
[2019-09-03 17:56:10] /api/mobile/api/payment/wxminipay/notify_url.php ( w=payment&t=notify ) 
ERR: ===rec_pay=22={"order_id":"105","order_sn":"230620817708071013","pay_sn":"230620817708071013","store_id":"9","store_name":"\u5c0f\u6613\u5171\u4eab\u5e73\u53f0","buyer_id":"100013","buyer_name":"100013","add_time":"1567473708","payment_code":"wxminipay","payment_time":"1567473717","finnshed_time":"0","order_amount":"1.00","rcb_amount":"0.00","pd_amount":"0.00","points_money":"0.00","points_number":"0","evaluation_state":"0","evaluation_again_state":"0","order_state":"20","lock_state":"0","delete_state":"0","delay_time":"0","order_from":"1","order_type":"1","api_pay_time":"0","rpt_amount":"0.00","trade_no":"4200000356201909036408682755","voucher_price":"0.00","voucher_code":"","promotion_info":"","commis_rate":"10","member_invite_momey":"0.010","store_invite_momey":"0.010","cost_momey":"0.050","cost_points":"0","invite_info":"{\"commis_rate\":10,\"commis_rate_invstore\":10,\"commis_rate_invmember\":10,\"commis_rate_system\":30,\"commis_rate_points\":50,\"commis_rate_sys\":0.02}","sys_commis_momey":"0.050","seller_del":"0","seller_money":"0.900","agent_id":"1","goods_amount":"1.00","agent_commis_momey":"0.030"}
[2019-09-03 18:31:15] http://www.fhlego.com/api/mobile/index.php/index/pglist ( w=index&t=pglist ) 
ERR: Db Error: You have an error in your SQL syntax; check the manual that corresponds to your MySQL server version for the right syntax to use near '-8,8' at line 1
SELECT * FROM `shopwt_points_goods` WHERE ( pgoods_show = '1' ) AND ( pgoods_state = '0' ) AND ( pgoods_commend = '1' ) AND ( pgoods_endtime > '1567506674' ) AND ( city_id = '2' ) ORDER BY pgoods_sort asc,pgoods_id desc LIMIT -8,8  
[2019-09-03 18:36:05] http://www.fhlego.com/api/mobile/index.php/index/pglist ( w=index&t=pglist ) 
ERR: Db Error: You have an error in your SQL syntax; check the manual that corresponds to your MySQL server version for the right syntax to use near '-8,8' at line 1
SELECT * FROM `shopwt_points_goods` WHERE ( pgoods_show = '1' ) AND ( pgoods_state = '0' ) AND ( pgoods_commend = '1' ) AND ( pgoods_endtime > '1567506965' ) AND ( city_id = '2' ) ORDER BY pgoods_sort asc,pgoods_id desc LIMIT -8,8  
[2019-09-03 18:36:09] http://www.fhlego.com/api/mobile/index.php/index/pglist ( w=index&t=pglist ) 
ERR: Db Error: You have an error in your SQL syntax; check the manual that corresponds to your MySQL server version for the right syntax to use near '-8,8' at line 1
SELECT * FROM `shopwt_points_goods` WHERE ( pgoods_show = '1' ) AND ( pgoods_state = '0' ) AND ( pgoods_commend = '1' ) AND ( pgoods_endtime > '1567506969' ) AND ( city_id = '2107' ) ORDER BY pgoods_sort asc,pgoods_id desc LIMIT -8,8  
[2019-09-03 20:56:12] /api/mobile/api/payment/wxminipay/notify_url.php ( w=payment&t=notify ) 
ERR: =======
[2019-09-03 20:56:12] /api/mobile/api/payment/wxminipay/notify_url.php ( w=payment&t=notify ) 
ERR: ===2====
[2019-09-03 20:56:12] /api/mobile/api/payment/wxminipay/notify_url.php ( w=payment&t=notify ) 
ERR: ===notifyWt=5====result==={"appid":"wx913c5f6d1a789dc1","attach":"r","bank_type":"CCB_DEBIT","cash_fee":"100","fee_type":"CNY","is_subscribe":"N","mch_id":"1347652401","nonce_str":"987442457880b1bf1ca792f2abf5d510","openid":"odKIv5b6HKuksGmdZt5ZeYsx-c_c","out_trade_no":"2306208177080710132953","result_code":"SUCCESS","return_code":"SUCCESS","sign":"FCC673169AFAB52DA84E1304EC96490F","time_end":"20190903092155","total_fee":"100","trade_type":"JSAPI","transaction_id":"4200000356201909036408682755"}
[2019-09-03 20:56:12] /api/mobile/api/payment/wxminipay/notify_url.php ( w=payment&t=notify ) 
ERR: ===notifyWt=5====internalSn===230620817708071013_r----{"appid":"wx913c5f6d1a789dc1","attach":"r","bank_type":"CCB_DEBIT","cash_fee":"100","fee_type":"CNY","is_subscribe":"N","mch_id":"1347652401","nonce_str":"987442457880b1bf1ca792f2abf5d510","openid":"odKIv5b6HKuksGmdZt5ZeYsx-c_c","out_trade_no":"230620817708071013","result_code":"SUCCESS","return_code":"SUCCESS","sign":"FCC673169AFAB52DA84E1304EC96490F","time_end":"20190903092155","total_fee":"100","trade_type":"JSAPI","transaction_id":"4200000356201909036408682755"}
[2019-09-03 20:56:12] /api/mobile/api/payment/wxminipay/notify_url.php ( w=payment&t=notify ) 
ERR: ===out_trade_no==230620817708071013_r
[2019-09-03 20:56:12] /api/mobile/api/payment/wxminipay/notify_url.php ( w=payment&t=notify ) 
ERR: ===getRealOrderInfo=={"pay_sn":"230620817708071013"}
[2019-09-03 20:56:12] /api/mobile/api/payment/wxminipay/notify_url.php ( w=payment&t=notify ) 
ERR: ===r5555=={"state":true,"msg":"","data":{"subject":"\u5b9e\u7269\u8ba2\u5355_","order_type":"real_order","order_list":[{"order_id":"105","order_sn":"230620817708071013","pay_sn":"230620817708071013","store_id":"9","store_name":"\u5c0f\u6613\u5171\u4eab\u5e73\u53f0","buyer_id":"100013","buyer_name":"100013","add_time":"1567473708","payment_code":"wxminipay","payment_time":"1567473717","finnshed_time":"0","order_amount":"1.00","rcb_amount":"0.00","pd_amount":"0.00","points_money":"0.00","points_number":"0","evaluation_state":"0","evaluation_again_state":"0","order_state":"20","lock_state":"0","delete_state":"0","delay_time":"0","order_from":"1","order_type":"1","api_pay_time":"0","rpt_amount":"0.00","trade_no":"4200000356201909036408682755","voucher_price":"0.00","voucher_code":"","promotion_info":"","commis_rate":"10","member_invite_momey":"0.010","store_invite_momey":"0.010","cost_momey":"0.050","cost_points":"0","invite_info":"{\"commis_rate\":10,\"commis_rate_invstore\":10,\"commis_rate_invmember\":10,\"commis_rate_system\":30,\"commis_rate_points\":50,\"commis_rate_sys\":0.02}","sys_commis_momey":"0.050","seller_del":"0","seller_money":"0.900","agent_id":"1","goods_amount":"1.00","agent_commis_momey":"0.030"}],"if_buyer_repay":null}}
[2019-09-03 20:56:12] /api/mobile/api/payment/wxminipay/notify_url.php ( w=payment&t=notify ) 
ERR: ===rec_pay==[{"order_id":"105","order_sn":"230620817708071013","pay_sn":"230620817708071013","store_id":"9","store_name":"\u5c0f\u6613\u5171\u4eab\u5e73\u53f0","buyer_id":"100013","buyer_name":"100013","add_time":"1567473708","payment_code":"wxminipay","payment_time":"1567473717","finnshed_time":"0","order_amount":"1.00","rcb_amount":"0.00","pd_amount":"0.00","points_money":"0.00","points_number":"0","evaluation_state":"0","evaluation_again_state":"0","order_state":"20","lock_state":"0","delete_state":"0","delay_time":"0","order_from":"1","order_type":"1","api_pay_time":"0","rpt_amount":"0.00","trade_no":"4200000356201909036408682755","voucher_price":"0.00","voucher_code":"","promotion_info":"","commis_rate":"10","member_invite_momey":"0.010","store_invite_momey":"0.010","cost_momey":"0.050","cost_points":"0","invite_info":"{\"commis_rate\":10,\"commis_rate_invstore\":10,\"commis_rate_invmember\":10,\"commis_rate_system\":30,\"commis_rate_points\":50,\"commis_rate_sys\":0.02}","sys_commis_momey":"0.050","seller_del":"0","seller_money":"0.900","agent_id":"1","goods_amount":"1.00","agent_commis_momey":"0.030"}]
[2019-09-03 20:56:12] /api/mobile/api/payment/wxminipay/notify_url.php ( w=payment&t=notify ) 
ERR: ===rec_pay=22={"order_id":"105","order_sn":"230620817708071013","pay_sn":"230620817708071013","store_id":"9","store_name":"\u5c0f\u6613\u5171\u4eab\u5e73\u53f0","buyer_id":"100013","buyer_name":"100013","add_time":"1567473708","payment_code":"wxminipay","payment_time":"1567473717","finnshed_time":"0","order_amount":"1.00","rcb_amount":"0.00","pd_amount":"0.00","points_money":"0.00","points_number":"0","evaluation_state":"0","evaluation_again_state":"0","order_state":"20","lock_state":"0","delete_state":"0","delay_time":"0","order_from":"1","order_type":"1","api_pay_time":"0","rpt_amount":"0.00","trade_no":"4200000356201909036408682755","voucher_price":"0.00","voucher_code":"","promotion_info":"","commis_rate":"10","member_invite_momey":"0.010","store_invite_momey":"0.010","cost_momey":"0.050","cost_points":"0","invite_info":"{\"commis_rate\":10,\"commis_rate_invstore\":10,\"commis_rate_invmember\":10,\"commis_rate_system\":30,\"commis_rate_points\":50,\"commis_rate_sys\":0.02}","sys_commis_momey":"0.050","seller_del":"0","seller_money":"0.900","agent_id":"1","goods_amount":"1.00","agent_commis_momey":"0.030"}
[2019-09-03 23:45:21] http://www.fhlego.com/api/mobile/index.php/index/pglist ( w=index&t=pglist ) 
ERR: Db Error: You have an error in your SQL syntax; check the manual that corresponds to your MySQL server version for the right syntax to use near '-8,8' at line 1
SELECT * FROM `shopwt_points_goods` WHERE ( pgoods_show = '1' ) AND ( pgoods_state = '0' ) AND ( pgoods_commend = '1' ) AND ( pgoods_endtime > '1567525521' ) AND ( city_id = '2107' ) ORDER BY pgoods_sort asc,pgoods_id desc LIMIT -8,8  
